2026-04-27 22:25:41,717 - CrawlerMain - INFO - --- New Crawl Session Started ---
2026-04-27 22:25:41,717 - CrawlerMain - INFO - Successfully decoded Base64 URL from Laravel
2026-04-27 22:25:41,717 - CrawlerMain - INFO - Processing URL: https://google.com
2026-04-27 22:25:41,717 - CrawlerMain - WARNING - Unsupported domain for URL: https://google.com
2026-04-27 22:26:46,957 - CrawlerMain - INFO - --- New Crawl Session Started ---
2026-04-27 22:26:46,959 - CrawlerMain - INFO - Successfully decoded Base64 URL from Laravel
2026-04-27 22:26:46,959 - CrawlerMain - INFO - Processing URL: https://shopee.vn/%E1%BB%90p-L%C6%B0ng-iPhone-TPU-Silicon-M%E1%BB%81m-4-G%C3%B3c-Cao-C%E1%BA%A5p-Ch%E1%BB%91ng-S%E1%BB%91c-B%E1%BA%A3o-V%E1%BB%87-Camera-iP-6-7-8-Plus-X-XS-11-12-13-14-15-16-17-Pro-Max-i.89827191.23244410073
2026-04-27 22:26:46,960 - CrawlerMain - INFO - Domain detected: Shopee
2026-04-27 22:26:48,091 - ShopeeCrawler - INFO - Launching Stealth browser for Shopee...
2026-04-27 22:26:48,470 - ShopeeCrawler - INFO - Navigating to Shopee Mobile: https://shopee.vn/%E1%BB%90p-L%C6%B0ng-iPhone-TPU-Silicon-M%E1%BB%81m-4-G%C3%B3c-Cao-C%E1%BA%A5p-Ch%E1%BB%91ng-S%E1%BB%91c-B%E1%BA%A3o-V%E1%BB%87-Camera-iP-6-7-8-Plus-X-XS-11-12-13-14-15-16-17-Pro-Max-i.89827191.23244410073
2026-04-27 22:27:02,239 - ShopeeCrawler - INFO - Using DOM Scraping fallback...
2026-04-27 22:27:02,452 - ShopeeCrawler - ERROR - Saved debug info to D:\Workspace\pro_affiliate\crawler\logs
2026-04-27 22:27:02,452 - ShopeeCrawler - ERROR - Shopee error: Không thể bóc tách dữ liệu Shopee dù đã thử mọi phương án.
2026-04-27 22:27:08,143 - ShopeeCrawler - INFO - Launching Stealth browser for Shopee...
2026-04-27 22:27:08,404 - ShopeeCrawler - INFO - Navigating to Shopee Mobile: https://shopee.vn/%E1%BB%90p-L%C6%B0ng-iPhone-TPU-Silicon-M%E1%BB%81m-4-G%C3%B3c-Cao-C%E1%BA%A5p-Ch%E1%BB%91ng-S%E1%BB%91c-B%E1%BA%A3o-V%E1%BB%87-Camera-iP-6-7-8-Plus-X-XS-11-12-13-14-15-16-17-Pro-Max-i.89827191.23244410073
2026-04-27 22:27:21,411 - ShopeeCrawler - INFO - Using DOM Scraping fallback...
2026-04-27 22:27:21,469 - ShopeeCrawler - ERROR - Saved debug info to D:\Workspace\pro_affiliate\crawler\logs
2026-04-27 22:27:21,469 - ShopeeCrawler - ERROR - Shopee error: Không thể bóc tách dữ liệu Shopee dù đã thử mọi phương án.
2026-04-27 22:29:38,860 - CrawlerMain - INFO - --- New Crawl Session Started ---
2026-04-27 22:29:38,861 - CrawlerMain - INFO - Successfully decoded Base64 URL from Laravel
2026-04-27 22:29:38,861 - CrawlerMain - INFO - Processing URL: https://shopee.vn/%E1%BB%90p-L%C6%B0ng-iPhone-TPU-Silicon-M%E1%BB%81m-4-G%C3%B3c-Cao-C%E1%BA%A5p-Ch%E1%BB%91ng-S%E1%BB%91c-B%E1%BA%A3o-V%E1%BB%87-Camera-iP-6-7-8-Plus-X-XS-11-12-13-14-15-16-17-Pro-Max-i.89827191.23244410073
2026-04-27 22:29:38,861 - CrawlerMain - INFO - Domain detected: Shopee
2026-04-27 22:29:39,696 - ShopeeCrawler - INFO - Launching Stealth browser for Shopee...
2026-04-27 22:29:40,024 - ShopeeCrawler - INFO - Navigating to Shopee Mobile: https://shopee.vn/%E1%BB%90p-L%C6%B0ng-iPhone-TPU-Silicon-M%E1%BB%81m-4-G%C3%B3c-Cao-C%E1%BA%A5p-Ch%E1%BB%91ng-S%E1%BB%91c-B%E1%BA%A3o-V%E1%BB%87-Camera-iP-6-7-8-Plus-X-XS-11-12-13-14-15-16-17-Pro-Max-i.89827191.23244410073
2026-04-27 22:29:53,400 - ShopeeCrawler - INFO - Using DOM Scraping fallback...
2026-04-27 22:29:53,496 - ShopeeCrawler - ERROR - Saved debug info to D:\Workspace\pro_affiliate\crawler\logs
2026-04-27 22:29:53,496 - ShopeeCrawler - ERROR - Shopee error: Không thể bóc tách dữ liệu Shopee dù đã thử mọi phương án.
2026-04-27 22:29:59,203 - ShopeeCrawler - INFO - Launching Stealth browser for Shopee...
2026-04-27 22:29:59,454 - ShopeeCrawler - INFO - Navigating to Shopee Mobile: https://shopee.vn/%E1%BB%90p-L%C6%B0ng-iPhone-TPU-Silicon-M%E1%BB%81m-4-G%C3%B3c-Cao-C%E1%BA%A5p-Ch%E1%BB%91ng-S%E1%BB%91c-B%E1%BA%A3o-V%E1%BB%87-Camera-iP-6-7-8-Plus-X-XS-11-12-13-14-15-16-17-Pro-Max-i.89827191.23244410073
2026-04-27 22:30:12,563 - ShopeeCrawler - INFO - Using DOM Scraping fallback...
2026-04-27 22:30:12,681 - ShopeeCrawler - ERROR - Saved debug info to D:\Workspace\pro_affiliate\crawler\logs
2026-04-27 22:30:12,681 - ShopeeCrawler - ERROR - Shopee error: Không thể bóc tách dữ liệu Shopee dù đã thử mọi phương án.
2026-04-27 22:31:08,942 - CrawlerMain - INFO - --- New Crawl Session Started ---
2026-04-27 22:31:08,942 - CrawlerMain - INFO - Successfully decoded Base64 URL from Laravel
2026-04-27 22:31:08,943 - CrawlerMain - INFO - Processing URL: https://shopee.vn/%E1%BB%90p-L%C6%B0ng-iPhone-TPU-Silicon-M%E1%BB%81m-4-G%C3%B3c-Cao-C%E1%BA%A5p-Ch%E1%BB%91ng-S%E1%BB%91c-B%E1%BA%A3o-V%E1%BB%87-Camera-iP-6-7-8-Plus-X-XS-11-12-13-14-15-16-17-Pro-Max-i.89827191.23244410073
2026-04-27 22:31:08,943 - CrawlerMain - INFO - Domain detected: Shopee
2026-04-27 22:31:08,944 - ShopeeCrawler - INFO - Extracted IDs - Shop ID: 89827191, Item ID: 23244410073
2026-04-27 22:31:09,541 - ShopeeCrawler - INFO - Launching Stealth browser for Shopee...
2026-04-27 22:31:09,911 - ShopeeCrawler - INFO - Warming up Shopee session (hitting homepage)...
2026-04-27 22:31:13,412 - ShopeeCrawler - INFO - Navigating to product: https://shopee.vn/%E1%BB%90p-L%C6%B0ng-iPhone-TPU-Silicon-M%E1%BB%81m-4-G%C3%B3c-Cao-C%E1%BA%A5p-Ch%E1%BB%91ng-S%E1%BB%91c-B%E1%BA%A3o-V%E1%BB%87-Camera-iP-6-7-8-Plus-X-XS-11-12-13-14-15-16-17-Pro-Max-i.89827191.23244410073
2026-04-27 22:31:29,182 - ShopeeCrawler - WARNING - Timed out waiting for product selectors, attempting deep extraction...
2026-04-27 22:31:31,203 - ShopeeCrawler - INFO - Attempting direct API call via page context...
2026-04-27 22:31:31,277 - ShopeeCrawler - INFO - Using DOM Scraping fallback...
2026-04-27 22:31:31,392 - ShopeeCrawler - ERROR - Shopee error: Không thể bóc tách dữ liệu Shopee dù đã thử mọi phương án.
2026-04-27 22:31:36,488 - ShopeeCrawler - INFO - Extracted IDs - Shop ID: 89827191, Item ID: 23244410073
2026-04-27 22:31:37,082 - ShopeeCrawler - INFO - Launching Stealth browser for Shopee...
2026-04-27 22:31:37,347 - ShopeeCrawler - INFO - Warming up Shopee session (hitting homepage)...
2026-04-27 22:31:40,803 - ShopeeCrawler - INFO - Navigating to product: https://shopee.vn/%E1%BB%90p-L%C6%B0ng-iPhone-TPU-Silicon-M%E1%BB%81m-4-G%C3%B3c-Cao-C%E1%BA%A5p-Ch%E1%BB%91ng-S%E1%BB%91c-B%E1%BA%A3o-V%E1%BB%87-Camera-iP-6-7-8-Plus-X-XS-11-12-13-14-15-16-17-Pro-Max-i.89827191.23244410073
2026-04-27 22:31:57,270 - ShopeeCrawler - WARNING - Timed out waiting for product selectors, attempting deep extraction...
2026-04-27 22:31:59,306 - ShopeeCrawler - INFO - Attempting direct API call via page context...
2026-04-27 22:31:59,534 - ShopeeCrawler - INFO - Using DOM Scraping fallback...
2026-04-27 22:31:59,693 - ShopeeCrawler - ERROR - Shopee error: Không thể bóc tách dữ liệu Shopee dù đã thử mọi phương án.
2026-04-27 22:32:32,576 - CrawlerMain - INFO - --- New Crawl Session Started ---
2026-04-27 22:32:32,576 - CrawlerMain - INFO - Successfully decoded Base64 URL from Laravel
2026-04-27 22:32:32,576 - CrawlerMain - INFO - Processing URL: https://shopee.vn/%E1%BB%90p-L%C6%B0ng-iPhone-TPU-Silicon-M%E1%BB%81m-4-G%C3%B3c-Cao-C%E1%BA%A5p-Ch%E1%BB%91ng-S%E1%BB%91c-B%E1%BA%A3o-V%E1%BB%87-Camera-iP-6-7-8-Plus-X-XS-11-12-13-14-15-16-17-Pro-Max-i.89827191.23244410073
2026-04-27 22:32:32,576 - CrawlerMain - INFO - Domain detected: Shopee
2026-04-27 22:32:32,577 - ShopeeCrawler - INFO - Extracted IDs - Shop ID: 89827191, Item ID: 23244410073
2026-04-27 22:32:34,506 - ShopeeCrawler - INFO - Launching Stealth browser (Desktop) for Shopee...
2026-04-27 22:32:35,165 - ShopeeCrawler - INFO - Warming up session on Shopee homepage...
2026-04-27 22:32:41,748 - ShopeeCrawler - INFO - Navigating to product: https://shopee.vn/%E1%BB%90p-L%C6%B0ng-iPhone-TPU-Silicon-M%E1%BB%81m-4-G%C3%B3c-Cao-C%E1%BA%A5p-Ch%E1%BB%91ng-S%E1%BB%91c-B%E1%BA%A3o-V%E1%BB%87-Camera-iP-6-7-8-Plus-X-XS-11-12-13-14-15-16-17-Pro-Max-i.89827191.23244410073
2026-04-27 22:32:57,563 - ShopeeCrawler - INFO - No API intercepted, checking INITIAL_STATE...
2026-04-27 22:32:57,580 - ShopeeCrawler - INFO - Attempting direct Desktop API call...
2026-04-27 22:32:59,971 - ShopeeCrawler - INFO - Intercepted API: https://shopee.vn/api/v4/item/get?itemid=23244410073&shopid=89827191... Status: 200
2026-04-27 22:33:00,033 - ShopeeCrawler - INFO - Final fallback: DOM Scraping...
2026-04-27 22:33:00,902 - ShopeeCrawler - ERROR - Shopee error: Shopee vẫn chặn hoặc không tìm thấy dữ liệu sau khi thử Desktop mode.
2026-04-27 22:33:06,320 - ShopeeCrawler - INFO - Extracted IDs - Shop ID: 89827191, Item ID: 23244410073
2026-04-27 22:33:07,204 - ShopeeCrawler - INFO - Launching Stealth browser (Desktop) for Shopee...
2026-04-27 22:33:07,488 - ShopeeCrawler - INFO - Warming up session on Shopee homepage...
2026-04-27 22:33:13,475 - ShopeeCrawler - INFO - Navigating to product: https://shopee.vn/%E1%BB%90p-L%C6%B0ng-iPhone-TPU-Silicon-M%E1%BB%81m-4-G%C3%B3c-Cao-C%E1%BA%A5p-Ch%E1%BB%91ng-S%E1%BB%91c-B%E1%BA%A3o-V%E1%BB%87-Camera-iP-6-7-8-Plus-X-XS-11-12-13-14-15-16-17-Pro-Max-i.89827191.23244410073
2026-04-27 22:33:35,164 - ShopeeCrawler - INFO - No API intercepted, checking INITIAL_STATE...
2026-04-27 22:33:35,169 - ShopeeCrawler - INFO - Attempting direct Desktop API call...
2026-04-27 22:33:35,329 - ShopeeCrawler - INFO - Intercepted API: https://shopee.vn/api/v4/item/get?itemid=23244410073&shopid=89827191... Status: 200
2026-04-27 22:33:35,331 - ShopeeCrawler - INFO - Final fallback: DOM Scraping...
2026-04-27 22:33:35,589 - ShopeeCrawler - ERROR - Shopee error: Shopee vẫn chặn hoặc không tìm thấy dữ liệu sau khi thử Desktop mode.
2026-04-27 22:33:52,337 - CrawlerMain - INFO - --- New Crawl Session Started ---
2026-04-27 22:33:52,337 - CrawlerMain - INFO - Successfully decoded Base64 URL from Laravel
2026-04-27 22:33:52,338 - CrawlerMain - INFO - Processing URL: https://shopee.vn/%E1%BB%90p-L%C6%B0ng-iPhone-TPU-Silicon-M%E1%BB%81m-4-G%C3%B3c-Cao-C%E1%BA%A5p-Ch%E1%BB%91ng-S%E1%BB%91c-B%E1%BA%A3o-V%E1%BB%87-Camera-iP-6-7-8-Plus-X-XS-11-12-13-14-15-16-17-Pro-Max-i.89827191.23244410073
2026-04-27 22:33:52,338 - CrawlerMain - INFO - Domain detected: Shopee
2026-04-27 22:33:52,338 - ShopeeCrawler - INFO - Extracted IDs - Shop ID: 89827191, Item ID: 23244410073
2026-04-27 22:33:53,321 - ShopeeCrawler - INFO - Launching Stealth browser (Desktop) for Shopee...
2026-04-27 22:33:53,863 - ShopeeCrawler - INFO - Warming up session...
2026-04-27 22:33:57,392 - ShopeeCrawler - INFO - Navigating to product: https://shopee.vn/%E1%BB%90p-L%C6%B0ng-iPhone-TPU-Silicon-M%E1%BB%81m-4-G%C3%B3c-Cao-C%E1%BA%A5p-Ch%E1%BB%91ng-S%E1%BB%91c-B%E1%BA%A3o-V%E1%BB%87-Camera-iP-6-7-8-Plus-X-XS-11-12-13-14-15-16-17-Pro-Max-i.89827191.23244410073
2026-04-27 22:34:23,814 - ShopeeCrawler - INFO - No API intercepted, checking JS State...
2026-04-27 22:34:23,816 - ShopeeCrawler - INFO - Attempting direct Desktop API call via JS injection...
2026-04-27 22:34:23,955 - ShopeeCrawler - INFO - Final fallback: DOM Scraping...
2026-04-27 22:34:24,270 - ShopeeCrawler - ERROR - Shopee error: Shopee vẫn chặn hoặc không thể bóc tách dữ liệu.
2026-04-27 22:34:29,433 - ShopeeCrawler - INFO - Extracted IDs - Shop ID: 89827191, Item ID: 23244410073
2026-04-27 22:34:30,409 - ShopeeCrawler - INFO - Launching Stealth browser (Desktop) for Shopee...
2026-04-27 22:34:31,257 - ShopeeCrawler - INFO - Warming up session...
2026-04-27 22:34:36,205 - ShopeeCrawler - INFO - Navigating to product: https://shopee.vn/%E1%BB%90p-L%C6%B0ng-iPhone-TPU-Silicon-M%E1%BB%81m-4-G%C3%B3c-Cao-C%E1%BA%A5p-Ch%E1%BB%91ng-S%E1%BB%91c-B%E1%BA%A3o-V%E1%BB%87-Camera-iP-6-7-8-Plus-X-XS-11-12-13-14-15-16-17-Pro-Max-i.89827191.23244410073
2026-04-27 22:35:07,674 - ShopeeCrawler - INFO - No API intercepted, checking JS State...
2026-04-27 22:35:07,680 - ShopeeCrawler - INFO - Attempting direct Desktop API call via JS injection...
2026-04-27 22:35:07,856 - ShopeeCrawler - INFO - Final fallback: DOM Scraping...
2026-04-27 22:35:08,118 - ShopeeCrawler - ERROR - Shopee error: Shopee vẫn chặn hoặc không thể bóc tách dữ liệu.
2026-04-27 22:35:29,622 - CrawlerMain - INFO - --- New Crawl Session Started ---
2026-04-27 22:35:29,622 - CrawlerMain - INFO - Successfully decoded Base64 URL from Laravel
2026-04-27 22:35:29,622 - CrawlerMain - INFO - Processing URL: https://shopee.vn/%E1%BB%90p-L%C6%B0ng-iPhone-TPU-Silicon-M%E1%BB%81m-4-G%C3%B3c-Cao-C%E1%BA%A5p-Ch%E1%BB%91ng-S%E1%BB%91c-B%E1%BA%A3o-V%E1%BB%87-Camera-iP-6-7-8-Plus-X-XS-11-12-13-14-15-16-17-Pro-Max-i.89827191.23244410073
2026-04-27 22:35:29,622 - CrawlerMain - INFO - Domain detected: Shopee
2026-04-27 22:35:30,236 - ShopeeCrawler - INFO - Launching Shopee Mobile Stealth Crawler...
2026-04-27 22:35:30,704 - ShopeeCrawler - INFO - Warming up session...
2026-04-27 22:35:33,480 - ShopeeCrawler - INFO - Navigating to product: https://shopee.vn/%E1%BB%90p-L%C6%B0ng-iPhone-TPU-Silicon-M%E1%BB%81m-4-G%C3%B3c-Cao-C%E1%BA%A5p-Ch%E1%BB%91ng-S%E1%BB%91c-B%E1%BA%A3o-V%E1%BB%87-Camera-iP-6-7-8-Plus-X-XS-11-12-13-14-15-16-17-Pro-Max-i.89827191.23244410073?lang=vi
2026-04-27 22:35:52,787 - ShopeeCrawler - INFO - Final fallback: DOM Scraping...
2026-04-27 22:35:52,905 - ShopeeCrawler - ERROR - Shopee error: Không thể bóc tách dữ liệu Shopee dù đã thử mọi cách.
2026-04-27 22:35:59,078 - ShopeeCrawler - INFO - Launching Shopee Mobile Stealth Crawler...
2026-04-27 22:35:59,506 - ShopeeCrawler - INFO - Warming up session...
2026-04-27 22:36:01,928 - ShopeeCrawler - INFO - Navigating to product: https://shopee.vn/%E1%BB%90p-L%C6%B0ng-iPhone-TPU-Silicon-M%E1%BB%81m-4-G%C3%B3c-Cao-C%E1%BA%A5p-Ch%E1%BB%91ng-S%E1%BB%91c-B%E1%BA%A3o-V%E1%BB%87-Camera-iP-6-7-8-Plus-X-XS-11-12-13-14-15-16-17-Pro-Max-i.89827191.23244410073?lang=vi
2026-04-27 22:36:23,998 - ShopeeCrawler - INFO - Final fallback: DOM Scraping...
2026-04-27 22:36:24,139 - ShopeeCrawler - ERROR - Shopee error: Không thể bóc tách dữ liệu Shopee dù đã thử mọi cách.
2026-04-27 22:37:39,317 - CrawlerMain - INFO - --- New Crawl Session Started ---
2026-04-27 22:37:39,317 - CrawlerMain - INFO - Successfully decoded Base64 URL from Laravel
2026-04-27 22:37:39,317 - CrawlerMain - INFO - Processing URL: https://shopee.vn/%E1%BB%90p-L%C6%B0ng-iPhone-TPU-Silicon-M%E1%BB%81m-4-G%C3%B3c-Cao-C%E1%BA%A5p-Ch%E1%BB%91ng-S%E1%BB%91c-B%E1%BA%A3o-V%E1%BB%87-Camera-iP-6-7-8-Plus-X-XS-11-12-13-14-15-16-17-Pro-Max-i.89827191.23244410073
2026-04-27 22:37:39,317 - CrawlerMain - INFO - Domain detected: Shopee
2026-04-27 22:37:40,101 - ShopeeCrawler - INFO - Launching Nuclear Stealth Crawler (Persistent Context)...
2026-04-27 22:37:40,446 - ShopeeCrawler - INFO - Warming up session...
2026-04-27 22:37:46,130 - ShopeeCrawler - INFO - Navigating to product: https://shopee.vn/%E1%BB%90p-L%C6%B0ng-iPhone-TPU-Silicon-M%E1%BB%81m-4-G%C3%B3c-Cao-C%E1%BA%A5p-Ch%E1%BB%91ng-S%E1%BB%91c-B%E1%BA%A3o-V%E1%BB%87-Camera-iP-6-7-8-Plus-X-XS-11-12-13-14-15-16-17-Pro-Max-i.89827191.23244410073
2026-04-27 22:37:55,995 - ShopeeCrawler - INFO - Waiting for page stability...
2026-04-27 22:38:10,239 - ShopeeCrawler - INFO - Last resort: DOM Scraping...
2026-04-27 22:38:11,076 - ShopeeCrawler - ERROR - Shopee error: Shopee blocking or parsing failed after nuclear attempt.
2026-04-27 22:38:17,522 - ShopeeCrawler - INFO - Launching Nuclear Stealth Crawler (Persistent Context)...
2026-04-27 22:38:17,969 - ShopeeCrawler - INFO - Warming up session...
2026-04-27 22:38:22,764 - ShopeeCrawler - INFO - Navigating to product: https://shopee.vn/%E1%BB%90p-L%C6%B0ng-iPhone-TPU-Silicon-M%E1%BB%81m-4-G%C3%B3c-Cao-C%E1%BA%A5p-Ch%E1%BB%91ng-S%E1%BB%91c-B%E1%BA%A3o-V%E1%BB%87-Camera-iP-6-7-8-Plus-X-XS-11-12-13-14-15-16-17-Pro-Max-i.89827191.23244410073
2026-04-27 22:38:28,053 - ShopeeCrawler - INFO - Waiting for page stability...
2026-04-27 22:38:42,031 - ShopeeCrawler - INFO - Last resort: DOM Scraping...
2026-04-27 22:38:42,349 - ShopeeCrawler - ERROR - Shopee error: Shopee blocking or parsing failed after nuclear attempt.
