[0428/092224.211:INFO:CONSOLE(1)] "TypeError: Cannot read properties of null (reading '9')", source: https://deo.shopeemobile.com/shopee/modules-federation/live/0/shopee__web_enhance_sap/2.40.618.legacy.js (1)
[0428/092224.288:INFO:CONSOLE(1)] "Error", source: https://deo.shopeemobile.com/shopee/modules-federation/live/0/shopee__web_enhance_sap/2.40.618.legacy.js (1)
[0428/092224.465:INFO:CONSOLE(1)] "TypeError: Cannot read properties of null (reading '9')", source: https://deo.shopeemobile.com/shopee/modules-federation/live/0/shopee__web_enhance_sap/2.40.618.legacy.js (1)
[0428/092224.571:INFO:CONSOLE(1)] "Error", source: https://deo.shopeemobile.com/shopee/modules-federation/live/0/shopee__web_enhance_sap/2.40.618.legacy.js (1)
[0428/092225.862:INFO:CONSOLE(1)] "TypeError: Cannot read properties of null (reading '9')", source: https://deo.shopeemobile.com/shopee/modules-federation/live/0/shopee__web_enhance_sap/2.40.618.legacy.js (1)
[0428/092225.958:INFO:CONSOLE(1)] "Error", source: https://deo.shopeemobile.com/shopee/modules-federation/live/0/shopee__web_enhance_sap/2.40.618.legacy.js (1)
[0428/092226.262:INFO:CONSOLE(1)] "TypeError: Cannot read properties of null (reading '9')", source: https://deo.shopeemobile.com/shopee/modules-federation/live/0/shopee__web_enhance_sap/2.40.618.legacy.js (1)
[0428/092226.283:INFO:CONSOLE(1)] "Error", source: https://deo.shopeemobile.com/shopee/modules-federation/live/0/shopee__web_enhance_sap/2.40.618.legacy.js (1)
[0428/092226.480:INFO:CONSOLE(0)] "[.WebGL-00001AB40CB78000]GL Driver Message (OpenGL, Performance, GL_CLOSE_PATH_NV, High): GPU stall due to ReadPixels", source: https://shopee.vn/product-i.89827191.23244410073?lang=vi (0)
[0428/092226.480:INFO:CONSOLE(0)] "[.WebGL-00001AB40CB78000]GL Driver Message (OpenGL, Performance, GL_CLOSE_PATH_NV, High): GPU stall due to ReadPixels", source: https://shopee.vn/product-i.89827191.23244410073?lang=vi (0)
[0428/092226.480:INFO:CONSOLE(0)] "[.WebGL-00001AB40CB78000]GL Driver Message (OpenGL, Performance, GL_CLOSE_PATH_NV, High): GPU stall due to ReadPixels", source: https://shopee.vn/product-i.89827191.23244410073?lang=vi (0)
[0428/092228.536:INFO:CONSOLE(4)] "Error", source: https://deo.shopeemobile.com/shopee/shopee-pcmall-live-sg/assets/entry-modules.9d14a54d66ce5436.2017.js (4)
[0428/092229.007:INFO:CONSOLE(5)] "Canvas2D: Multiple readback operations using getImageData are faster with the willReadFrequently attribute set to true. See: https://html.spec.whatwg.org/multipage/canvas.html#concept-canvas-will-read-frequently", source: https://deo.shopeemobile.com/shopee/shopee-pcmall-live-sg/assets/sws.9b363ee3a22d8b3f.2017.js (5)
[0428/092229.007:INFO:CONSOLE(5)] "Canvas2D: Multiple readback operations using getImageData are faster with the willReadFrequently attribute set to true. See: https://html.spec.whatwg.org/multipage/canvas.html#concept-canvas-will-read-frequently", source: https://deo.shopeemobile.com/shopee/shopee-pcmall-live-sg/assets/sws.9b363ee3a22d8b3f.2017.js (5)
[0428/092229.009:INFO:CONSOLE(5)] "Canvas2D: Multiple readback operations using getImageData are faster with the willReadFrequently attribute set to true. See: https://html.spec.whatwg.org/multipage/canvas.html#concept-canvas-will-read-frequently", source: https://deo.shopeemobile.com/shopee/shopee-pcmall-live-sg/assets/sws.9b363ee3a22d8b3f.2017.js (5)
[0428/092229.156:INFO:CONSOLE(1)] "TypeError: Cannot read properties of null (reading '9')", source: https://deo.shopeemobile.com/shopee/modules-federation/live/0/shopee__web_enhance_sap/2.40.618.legacy.js (1)
[0428/092229.194:INFO:CONSOLE(1)] "Error", source: https://deo.shopeemobile.com/shopee/modules-federation/live/0/shopee__web_enhance_sap/2.40.618.legacy.js (1)
[0428/092229.432:ERROR:web_contents_delegate.cc(260)] WebContentsDelegate::CheckMediaAccessPermission: Not supported.
[0428/092229.432:ERROR:web_contents_delegate.cc(260)] WebContentsDelegate::CheckMediaAccessPermission: Not supported.
[0428/092229.526:INFO:CONSOLE(1)] "TypeError: Cannot read properties of null (reading '9')", source: https://deo.shopeemobile.com/shopee/modules-federation/live/0/shopee__web_enhance_sap/2.40.618.legacy.js (1)
[0428/092229.585:INFO:CONSOLE(1)] "Error", source: https://deo.shopeemobile.com/shopee/modules-federation/live/0/shopee__web_enhance_sap/2.40.618.legacy.js (1)
[0428/092229.707:INFO:CONSOLE(0)] "No available adapters.", source: https://shopee.vn/buyer/login?fu_tracking_id=364cd4a3c14-dd0e-4965-a9c3-47b2c91afb4b&next=https%3A%2F%2Fshopee.vn%2Fproduct-i.89827191.23244410073%3Flang%3Dvi (0)
[0428/092229.929:INFO:CONSOLE(1)] "TypeError: Cannot read properties of null (reading '9')", source: https://deo.shopeemobile.com/shopee/modules-federation/live/0/shopee__web_enhance_sap/2.40.618.legacy.js (1)
[0428/092230.001:INFO:CONSOLE(1)] "Error", source: https://deo.shopeemobile.com/shopee/modules-federation/live/0/shopee__web_enhance_sap/2.40.618.legacy.js (1)
[0428/092230.743:INFO:CONSOLE(4)] "[Meta Pixel] - Duplicate Pixel ID: 1457130904612161.", source: https://deo.shopeemobile.com/shopee/shopee-pcmall-live-sg/assets/entry-modules.9d14a54d66ce5436.2017.js (4)
[0428/092231.097:INFO:CONSOLE(1)] "TypeError: Cannot read properties of null (reading '9')", source: https://deo.shopeemobile.com/shopee/modules-federation/live/0/shopee__web_enhance_sap/2.40.618.legacy.js (1)
[0428/092231.153:INFO:CONSOLE(1)] "Error", source: https://deo.shopeemobile.com/shopee/modules-federation/live/0/shopee__web_enhance_sap/2.40.618.legacy.js (1)
[0428/092231.245:INFO:CONSOLE(1)] "TypeError: Cannot read properties of null (reading '9')", source: https://deo.shopeemobile.com/shopee/modules-federation/live/0/shopee__web_enhance_sap/2.40.618.legacy.js (1)
[0428/092231.277:INFO:CONSOLE(1)] "Error", source: https://deo.shopeemobile.com/shopee/modules-federation/live/0/shopee__web_enhance_sap/2.40.618.legacy.js (1)
