[INFO] 2026-04-28 09:22:17 main: Crawl URL: https://shopee.vn/%E1%BB%90p-L%C6%B0ng-iPhone-TPU-Silicon-M%E1%BB%81m-4-G%C3%B3c-Cao-C%E1%BA%A5p-Ch%E1%BB%91ng-S%E1%BB%91c-B%E1%BA%A3o-V%E1%BB%87-Camera-iP-6-7-8-Plus-X-XS-11-12-13-14-15-16-17-Pro-Max-i.89827191.23244410073
[DEBUG] 2026-04-28 09:22:17 url_parser: Parsed (dạng chuẩn): {'shop_id': '89827191', 'item_id': '23244410073'}
[INFO] 2026-04-28 09:22:17 shopee_crawler: 🔍 Đang crawl sản phẩm: 89827191/23244410073
[ERROR] 2026-04-28 09:22:31 shopee_crawler: ❌ Không thể bóc tách dữ liệu cho sản phẩm 23244410073
[ERROR] 2026-04-28 09:22:31 main: Crawl thất bại
[INFO] 2026-04-28 09:23:05 main: Crawl URL: https://shopee.vn/%E1%BB%90p-L%C6%B0ng-iPhone-TPU-Silicon-M%E1%BB%81m-4-G%C3%B3c-Cao-C%E1%BA%A5p-Ch%E1%BB%91ng-S%E1%BB%91c-B%E1%BA%A3o-V%E1%BB%87-Camera-iP-6-7-8-Plus-X-XS-11-12-13-14-15-16-17-Pro-Max-i.89827191.23244410073
[DEBUG] 2026-04-28 09:23:05 url_parser: Parsed (dạng chuẩn): {'shop_id': '89827191', 'item_id': '23244410073'}
[INFO] 2026-04-28 09:23:05 shopee_crawler: 📦 Đang xử lý: 89827191/23244410073
[DEBUG] 2026-04-28 09:23:07 shopee_crawler: Navigating to https://shopee.vn/product-i.89827191.23244410073?lang=vi...
[DEBUG] 2026-04-28 09:23:11 shopee_crawler: Waiting for page stability and API data...
[ERROR] 2026-04-28 09:23:27 shopee_crawler: ❌ Thất bại: 23244410073. Đã chụp ảnh lỗi: d:\Workspace\pro_affiliate\crawler\shopee\output\error_23244410073.png
[ERROR] 2026-04-28 09:23:28 main: Crawl thất bại
[INFO] 2026-04-28 09:24:03 main: Crawl URL: https://shopee.vn/%E1%BB%90p-L%C6%B0ng-iPhone-TPU-Silicon-M%E1%BB%81m-4-G%C3%B3c-Cao-C%E1%BA%A5p-Ch%E1%BB%91ng-S%E1%BB%91c-B%E1%BA%A3o-V%E1%BB%87-Camera-iP-6-7-8-Plus-X-XS-11-12-13-14-15-16-17-Pro-Max-i.89827191.23244410073
[DEBUG] 2026-04-28 09:24:03 url_parser: Parsed (dạng chuẩn): {'shop_id': '89827191', 'item_id': '23244410073'}
[INFO] 2026-04-28 09:24:03 shopee_crawler: 📦 Đang xử lý: 89827191/23244410073
[DEBUG] 2026-04-28 09:24:05 shopee_crawler: Checking for modals/overlays...
[ERROR] 2026-04-28 09:24:17 shopee_crawler: ❌ Thất bại: 23244410073. Check log: d:\Workspace\pro_affiliate\crawler\shopee\output\error_23244410073.png
[ERROR] 2026-04-28 09:24:17 main: Crawl thất bại
[INFO] 2026-04-28 09:35:30 main: Crawl URL: https://shopee.vn/product/89827191/23244410073
[DEBUG] 2026-04-28 09:35:30 url_parser: Parsed (dạng /product/): {'shop_id': '89827191', 'item_id': '23244410073'}
[INFO] 2026-04-28 09:35:30 shopee_crawler: 📦 Đang xử lý: 89827191/23244410073
[DEBUG] 2026-04-28 09:35:33 shopee_crawler: Checking for modals/overlays...
[ERROR] 2026-04-28 09:35:43 shopee_crawler: ❌ Thất bại: 23244410073. Check log: D:\Workspace\pro_affiliate\crawler\shopee\output\error_23244410073.png
[ERROR] 2026-04-28 09:35:43 main: Crawl thất bại
[INFO] 2026-04-28 09:37:22 main: Crawl URL: https://shopee.vn/product/89827191/23244410073
[DEBUG] 2026-04-28 09:37:22 url_parser: Parsed (dạng /product/): {'shop_id': '89827191', 'item_id': '23244410073'}
[INFO] 2026-04-28 09:37:22 shopee_crawler: 📦 Đang xử lý: 89827191/23244410073
[DEBUG] 2026-04-28 09:37:25 shopee_crawler: Checking for modals/overlays...
[DEBUG] 2026-04-28 09:37:28 shopee_crawler: ✅ Đã click chọn Tiếng Việt (Native)
[ERROR] 2026-04-28 09:37:32 shopee_crawler: ❌ Thất bại: 23244410073. Check log: D:\Workspace\pro_affiliate\crawler\shopee\output\error_23244410073.png
[ERROR] 2026-04-28 09:37:32 main: Crawl thất bại
[INFO] 2026-04-28 09:40:54 main: Crawl URL: https://shopee.vn/product/89827191/23244410073
[DEBUG] 2026-04-28 09:40:54 url_parser: Parsed (dạng /product/): {'shop_id': '89827191', 'item_id': '23244410073'}
[INFO] 2026-04-28 09:40:54 shopee_crawler: 📦 Đang xử lý: 89827191/23244410073
[INFO] 2026-04-28 09:40:55 shopee_crawler: Warming up session at homepage...
[INFO] 2026-04-28 09:41:00 shopee_crawler: Navigating to product: https://shopee.vn/product-i.89827191.23244410073?lang=vi
[DEBUG] 2026-04-28 09:41:01 shopee_crawler: Checking for modals/overlays...
[DEBUG] 2026-04-28 09:41:34 shopee_crawler: Modal check skip/fail: Timeout 30000ms exceeded.
[ERROR] 2026-04-28 09:41:36 shopee_crawler: ❌ Thất bại: 23244410073. Check log: D:\Workspace\pro_affiliate\crawler\shopee\output\error_23244410073.png
[ERROR] 2026-04-28 09:41:36 main: Crawl thất bại
[INFO] 2026-04-28 09:45:32 main: Crawl URL: https://shopee.vn/product/89827191/23244410073
[DEBUG] 2026-04-28 09:45:32 url_parser: Parsed (dạng /product/): {'shop_id': '89827191', 'item_id': '23244410073'}
[INFO] 2026-04-28 09:45:32 shopee_crawler: 📦 Đang xử lý: 89827191/23244410073
[INFO] 2026-04-28 09:45:33 shopee_crawler: Warming up session at homepage...
[INFO] 2026-04-28 09:45:37 shopee_crawler: Navigating to product: https://shopee.vn/product-i.89827191.23244410073?lang=vi
[DEBUG] 2026-04-28 09:45:37 shopee_crawler: Checking for modals/overlays...
[ERROR] 2026-04-28 09:45:44 shopee_crawler: ❌ Thất bại: 23244410073. Check log: D:\Workspace\pro_affiliate\crawler\shopee\output\error_23244410073.png
[ERROR] 2026-04-28 09:45:44 main: Crawl thất bại
[INFO] 2026-04-28 09:56:12 main: Crawl URL: https://shopee.vn/product/89827191/23244410073
[DEBUG] 2026-04-28 09:56:12 url_parser: Parsed (dạng /product/): {'shop_id': '89827191', 'item_id': '23244410073'}
[INFO] 2026-04-28 09:56:12 shopee_crawler: 📦 Đang xử lý: 89827191/23244410073
[INFO] 2026-04-28 09:56:13 shopee_crawler: Warming up session at homepage...
[INFO] 2026-04-28 09:56:17 shopee_crawler: Navigating to product: https://shopee.vn/product-i.89827191.23244410073?lang=vi
[DEBUG] 2026-04-28 09:56:17 shopee_crawler: Checking for modals/overlays...
[ERROR] 2026-04-28 09:56:23 shopee_crawler: ❌ Thất bại: 23244410073. Check log: D:\Workspace\pro_affiliate\crawler\shopee\output\error_23244410073.png
[ERROR] 2026-04-28 09:56:23 main: Crawl thất bại
[INFO] 2026-04-28 09:57:15 main: Crawl URL: https://shopee.vn/product/89827191/23244410073
[DEBUG] 2026-04-28 09:57:15 url_parser: Parsed (dạng /product/): {'shop_id': '89827191', 'item_id': '23244410073'}
[INFO] 2026-04-28 09:57:15 shopee_crawler: 📦 Đang xử lý: 89827191/23244410073
[INFO] 2026-04-28 09:57:16 shopee_crawler: Warming up session at homepage...
[INFO] 2026-04-28 09:57:20 shopee_crawler: Navigating to product: https://shopee.vn/product-i.89827191.23244410073?lang=vi
[DEBUG] 2026-04-28 09:57:23 shopee_crawler: Checking for modals/overlays...
[DEBUG] 2026-04-28 09:57:29 shopee_crawler: ✅ Đã click chọn Tiếng Việt (Native)
[DEBUG] 2026-04-28 09:57:37 shopee_crawler: ✅ [DOM] Lấy dữ liệu thô từ giao diện
[INFO] 2026-04-28 09:57:37 shopee_crawler: ✅ Thành công: Ốp Lưng iPhone TPU Silicon Mềm 4 Góc Cao
[INFO] 2026-04-28 09:59:43 main: Crawl URL: https://shopee.vn/product/89827191/23244410073
[DEBUG] 2026-04-28 09:59:43 url_parser: Parsed (dạng /product/): {'shop_id': '89827191', 'item_id': '23244410073'}
[INFO] 2026-04-28 09:59:43 shopee_crawler: 📦 Đang xử lý: 89827191/23244410073
[INFO] 2026-04-28 09:59:44 shopee_crawler: Warming up session at homepage...
[INFO] 2026-04-28 09:59:47 shopee_crawler: Navigating to product: https://shopee.vn/product-i.89827191.23244410073?lang=vi
[DEBUG] 2026-04-28 09:59:49 shopee_crawler: Checking for modals/overlays...
[DEBUG] 2026-04-28 09:59:54 shopee_crawler: ✅ Đã click chọn Tiếng Việt (Native)
[DEBUG] 2026-04-28 10:00:06 shopee_crawler: Tầng 1 fail, thử Tầng 2 (Initial State)...
[DEBUG] 2026-04-28 10:00:06 shopee_crawler: Tầng 2 fail, thử Tầng 3 (DOM Scraping)...
[DEBUG] 2026-04-28 10:00:36 shopee_crawler: DOM Scraping fail: Timeout 30000ms exceeded.
[ERROR] 2026-04-28 10:00:36 shopee_crawler: ❌ Thất bại hoàn toàn: 23244410073. Check log: D:\Workspace\pro_affiliate\crawler\shopee\output\error_23244410073.png
[ERROR] 2026-04-28 10:00:37 main: Crawl thất bại
[INFO] 2026-04-28 10:02:38 main: Crawl URL: https://shopee.vn/product/89827191/23244410073
[DEBUG] 2026-04-28 10:02:38 url_parser: Parsed (dạng /product/): {'shop_id': '89827191', 'item_id': '23244410073'}
[INFO] 2026-04-28 10:02:38 shopee_crawler: 📦 Đang xử lý: 89827191/23244410073
[INFO] 2026-04-28 10:02:39 shopee_crawler: Warming up session at homepage...
[INFO] 2026-04-28 10:02:42 shopee_crawler: Navigating to product: https://shopee.vn/product-i.89827191.23244410073?lang=vi
[DEBUG] 2026-04-28 10:02:43 shopee_crawler: Checking for modals/overlays...
[DEBUG] 2026-04-28 10:02:50 shopee_crawler: Tầng 1 fail, thử Tầng 2 (Initial State)...
[DEBUG] 2026-04-28 10:02:50 shopee_crawler: Tầng 2 fail, thử Tầng 3 (DOM Scraping)...
[DEBUG] 2026-04-28 10:03:20 shopee_crawler: DOM Scraping fail: Timeout 30000ms exceeded.
[ERROR] 2026-04-28 10:03:20 shopee_crawler: ❌ Thất bại hoàn toàn: 23244410073. Check log: D:\Workspace\pro_affiliate\crawler\shopee\output\error_23244410073.png
[ERROR] 2026-04-28 10:03:21 main: Crawl thất bại
[INFO] 2026-04-28 10:03:43 main: Crawl URL: https://shopee.vn/product/89827191/23244410073
[DEBUG] 2026-04-28 10:03:43 url_parser: Parsed (dạng /product/): {'shop_id': '89827191', 'item_id': '23244410073'}
[INFO] 2026-04-28 10:03:43 shopee_crawler: 📦 Đang xử lý: 89827191/23244410073
[INFO] 2026-04-28 10:03:45 shopee_crawler: Warming up session at homepage...
[INFO] 2026-04-28 10:03:48 shopee_crawler: Navigating to product: https://shopee.vn/product-i.89827191.23244410073?lang=vi
[DEBUG] 2026-04-28 10:03:50 shopee_crawler: Checking for modals/overlays...
[DEBUG] 2026-04-28 10:03:55 shopee_crawler: ✅ Đã click chọn Tiếng Việt (Native)
[DEBUG] 2026-04-28 10:04:03 shopee_crawler: Tầng 1 fail, thử Tầng 2 (Initial State)...
[DEBUG] 2026-04-28 10:04:03 shopee_crawler: Tầng 2 fail, thử Tầng 3 (DOM Scraping)...
[DEBUG] 2026-04-28 10:04:33 shopee_crawler: DOM Scraping fail: Timeout 30000ms exceeded.
[ERROR] 2026-04-28 10:04:33 shopee_crawler: ❌ Thất bại hoàn toàn: 23244410073. Check log: D:\Workspace\pro_affiliate\crawler\shopee\output\error_23244410073.png
[ERROR] 2026-04-28 10:04:33 main: Crawl thất bại
[INFO] 2026-04-28 10:41:41 main: Crawl URL: https://shopee.vn/product/89827191/23244410073
[DEBUG] 2026-04-28 10:41:41 url_parser: Parsed (dạng /product/): {'shop_id': '89827191', 'item_id': '23244410073'}
[INFO] 2026-04-28 10:41:41 shopee_crawler: 📦 Đang xử lý: 89827191/23244410073
[INFO] 2026-04-28 10:41:46 shopee_crawler: Warming up session at homepage...
[INFO] 2026-04-28 10:41:50 shopee_crawler: Navigating to product: https://shopee.vn/product-i.89827191.23244410073?lang=vi
[DEBUG] 2026-04-28 10:41:52 shopee_crawler: Checking for modals/overlays...
[DEBUG] 2026-04-28 10:42:25 shopee_crawler: Modal check skip/fail: Timeout 30000ms exceeded.
[DEBUG] 2026-04-28 10:42:28 shopee_crawler: Tầng 1 fail, thử Tầng 2 (Initial State)...
[DEBUG] 2026-04-28 10:42:28 shopee_crawler: Tầng 2 fail, thử Tầng 3 (DOM Scraping Desktop)...
[ERROR] 2026-04-28 10:42:28 shopee_crawler: ❌ Thất bại hoàn toàn: 23244410073. Check log: D:\Workspace\pro_affiliate\crawler\shopee\output\error_23244410073.png
[ERROR] 2026-04-28 10:42:28 main: Crawl thất bại
[INFO] 2026-04-28 10:43:08 main: Crawl URL: https://shopee.vn/product/89827191/23244410073
[DEBUG] 2026-04-28 10:43:08 url_parser: Parsed (dạng /product/): {'shop_id': '89827191', 'item_id': '23244410073'}
[INFO] 2026-04-28 10:43:08 shopee_crawler: 📦 Đang xử lý: 89827191/23244410073
[INFO] 2026-04-28 10:43:09 shopee_crawler: Navigating to: https://shopee.vn/product-i.89827191.23244410073?lang=vi
[DEBUG] 2026-04-28 10:43:11 shopee_crawler: Checking for modals/overlays...
[DEBUG] 2026-04-28 10:43:15 shopee_crawler: ✅ Đã click chọn Tiếng Việt (Native)
[DEBUG] 2026-04-28 10:43:21 shopee_crawler: Tầng 1 fail, thử Tầng 2 (Initial State)...
[DEBUG] 2026-04-28 10:43:21 shopee_crawler: Tầng 2 fail, thử Tầng 3 (DOM Scraping Desktop)...
[DEBUG] 2026-04-28 10:43:21 shopee_crawler: ✅ [DOM Desktop] Lấy được: Ốp Lưng iPhone TPU Silicon Mềm 4 Góc Cao Cấp, Chống Sốc, Bảo Vệ Camera - iP 6/7/8/Plus/X/XS/11/12/13/14/15/16/17/Pro/Max
[ERROR] 2026-04-28 10:43:21 shopee_crawler: 💥 Lỗi: name 'datetime' is not defined
[ERROR] 2026-04-28 10:43:21 main: Crawl thất bại
[INFO] 2026-04-28 10:45:42 main: Crawl URL: https://shopee.vn/product/89827191/23244410073
[DEBUG] 2026-04-28 10:45:42 url_parser: Parsed (dạng /product/): {'shop_id': '89827191', 'item_id': '23244410073'}
[INFO] 2026-04-28 10:45:42 shopee_crawler: 📦 Đang xử lý: 89827191/23244410073
[INFO] 2026-04-28 10:45:55 shopee_crawler: Navigating to: https://shopee.vn/product-i.89827191.23244410073?lang=vi
[DEBUG] 2026-04-28 10:45:57 shopee_crawler: Checking for modals/overlays...
[DEBUG] 2026-04-28 10:46:29 shopee_crawler: Modal check skip/fail: Timeout 30000ms exceeded.
[DEBUG] 2026-04-28 10:46:33 shopee_crawler: Tầng 1 fail, thử Tầng 2 (Initial State)...
[DEBUG] 2026-04-28 10:46:33 shopee_crawler: Tầng 2 fail, thử Tầng 3 (DOM Scraping Desktop)...
[DEBUG] 2026-04-28 10:46:33 shopee_crawler: ✅ [DOM Desktop] Lấy được: Ốp Lưng iPhone TPU Silicon Mềm 4 Góc Cao Cấp, Chống Sốc, Bảo Vệ Camera - iP 6/7/8/Plus/X/XS/11/12/13/14/15/16/17/Pro/Max
[INFO] 2026-04-28 10:46:33 shopee_crawler: ✅ Thành công: Ốp Lưng iPhone TPU Silicon Mềm 4 Góc Cao...
[INFO] 2026-04-28 10:54:06 main: Crawl URL: https://shopee.vn/product/89827191/23244410073
[DEBUG] 2026-04-28 10:54:06 url_parser: Parsed (dạng /product/): {'shop_id': '89827191', 'item_id': '23244410073'}
[INFO] 2026-04-28 10:54:06 shopee_crawler: 📦 Đang xử lý: 89827191/23244410073
[INFO] 2026-04-28 10:54:07 shopee_crawler: Navigating to: https://shopee.vn/product-i.89827191.23244410073?lang=vi
[DEBUG] 2026-04-28 10:54:09 shopee_crawler: Checking for modals/overlays...
[DEBUG] 2026-04-28 10:54:13 shopee_crawler: ✅ Đã click chọn Tiếng Việt (Native)
[DEBUG] 2026-04-28 10:54:20 shopee_crawler: Tầng 1 fail, thử Tầng 2 (Initial State)...
[DEBUG] 2026-04-28 10:54:20 shopee_crawler: Tầng 2 fail, thử Tầng 3 (Heuristic Scraping)...
[DEBUG] 2026-04-28 10:54:20 shopee_crawler: ✅ [Heuristic] Lấy được Price: 0
[INFO] 2026-04-28 10:54:20 shopee_crawler: ✅ Thành công: Ốp Lưng iPhone TPU Silicon Mềm 4 Góc Cao...
[INFO] 2026-04-28 10:58:56 main: Crawl URL: https://shopee.vn/product/89827191/23244410073
[DEBUG] 2026-04-28 10:58:56 url_parser: Parsed (dạng /product/): {'shop_id': '89827191', 'item_id': '23244410073'}
[INFO] 2026-04-28 10:58:56 shopee_crawler: 📦 Đang xử lý: 89827191/23244410073
[INFO] 2026-04-28 10:58:57 shopee_crawler: Navigating to: https://shopee.vn/product-i.89827191.23244410073?lang=vi
[DEBUG] 2026-04-28 10:58:59 shopee_crawler: Checking for modals/overlays...
[DEBUG] 2026-04-28 10:59:31 shopee_crawler: Modal check skip/fail: Timeout 30000ms exceeded.
[DEBUG] 2026-04-28 10:59:34 shopee_crawler: Tầng 1 fail, thử Tầng 2 (Initial State)...
[DEBUG] 2026-04-28 10:59:34 shopee_crawler: Tầng 2 fail, thử Tầng 3 (Heuristic Scraping)...
[DEBUG] 2026-04-28 10:59:34 shopee_crawler: ✅ [Heuristic] Lấy được Price: 0
[INFO] 2026-04-28 10:59:34 shopee_crawler: ✅ Thành công: Ốp Lưng iPhone TPU Silicon Mềm 4 Góc Cao...
[INFO] 2026-04-28 11:12:10 main: Crawl URL: https://shopee.vn/product/89827191/23244410073
[DEBUG] 2026-04-28 11:12:10 url_parser: Parsed (dạng /product/): {'shop_id': '89827191', 'item_id': '23244410073'}
[INFO] 2026-04-28 11:12:10 shopee_crawler: 📦 Đang xử lý: 89827191/23244410073
[INFO] 2026-04-28 11:12:13 shopee_crawler: Navigating to: https://shopee.vn/product-i.89827191.23244410073?lang=vi
[DEBUG] 2026-04-28 11:12:17 shopee_crawler: Checking for modals/overlays...
[DEBUG] 2026-04-28 11:12:39 shopee_crawler: ✅ Đã click chọn Tiếng Việt (Native)
[DEBUG] 2026-04-28 11:12:50 shopee_crawler: Tầng 1 fail, thử Tầng 2 (Initial State)...
[DEBUG] 2026-04-28 11:12:50 shopee_crawler: Tầng 2 fail, thử Tầng 3 (Heuristic Scraping)...
[DEBUG] 2026-04-28 11:12:50 shopee_crawler: Đã chụp ảnh debug bóc tách tại: D:\Workspace\pro_affiliate\crawler\shopee\output\debug_extract_23244410073.png
[ERROR] 2026-04-28 11:12:50 shopee_crawler: ❌ Thất bại hoàn toàn: 23244410073. Check log: D:\Workspace\pro_affiliate\crawler\shopee\output\error_23244410073.png
[ERROR] 2026-04-28 11:12:52 main: Crawl thất bại
[INFO] 2026-04-28 11:26:19 main: Crawl URL: https://shopee.vn/product/89827191/23244410073
[DEBUG] 2026-04-28 11:26:19 url_parser: Parsed (dạng /product/): {'shop_id': '89827191', 'item_id': '23244410073'}
[INFO] 2026-04-28 11:26:19 shopee_crawler: 📦 Đang xử lý: 89827191/23244410073
[INFO] 2026-04-28 11:26:20 shopee_crawler: Navigating to: https://shopee.vn/product-i.89827191.23244410073?lang=vi
[DEBUG] 2026-04-28 11:26:34 shopee_crawler: Checking for modals/overlays...
[DEBUG] 2026-04-28 11:26:39 shopee_crawler: Tầng 1 fail, thử Tầng 2 (Initial State)...
[DEBUG] 2026-04-28 11:26:39 shopee_crawler: Tầng 2 fail, thử Tầng 3 (Heuristic Scraping)...
[DEBUG] 2026-04-28 11:27:09 shopee_crawler: Heuristic Scraping fail: Timeout 30000ms exceeded.
[ERROR] 2026-04-28 11:27:39 shopee_crawler: 💥 Lỗi: Timeout 30000ms exceeded.
[ERROR] 2026-04-28 11:27:39 main: Crawl thất bại
[INFO] 2026-04-28 11:56:26 main: Crawl URL: https://shopee.vn/product/89827191/23244410073
[DEBUG] 2026-04-28 11:56:26 url_parser: Parsed (dạng /product/): {'shop_id': '89827191', 'item_id': '23244410073'}
[INFO] 2026-04-28 11:56:26 shopee_crawler: 📦 Đang xử lý: 89827191/23244410073
[INFO] 2026-04-28 11:56:28 shopee_crawler: Navigating to: https://shopee.vn/product/89827191/23244410073
[DEBUG] 2026-04-28 11:56:34 shopee_crawler: Checking for modals/overlays...
[DEBUG] 2026-04-28 11:56:37 shopee_crawler: Network not idle, moving on...
[ERROR] 2026-04-28 11:56:37 shopee_crawler: 💥 Lỗi: Target page, context or browser has been closed
[ERROR] 2026-04-28 11:56:38 main: Crawl thất bại
[INFO] 2026-04-28 11:56:49 main: Crawl URL: https://shopee.vn/product/89827191/23244410073
[DEBUG] 2026-04-28 11:56:49 url_parser: Parsed (dạng /product/): {'shop_id': '89827191', 'item_id': '23244410073'}
[INFO] 2026-04-28 11:56:49 shopee_crawler: 📦 Đang xử lý: 89827191/23244410073
[INFO] 2026-04-28 11:56:51 shopee_crawler: Navigating to: https://shopee.vn/product/89827191/23244410073
[DEBUG] 2026-04-28 11:56:58 shopee_crawler: Checking for modals/overlays...
[DEBUG] 2026-04-28 11:57:34 shopee_crawler: Modal check skip/fail: Timeout 30000ms exceeded.
[DEBUG] 2026-04-28 11:57:37 shopee_crawler: Tầng 1 fail, thử Tầng 2 (Initial State)...
[DEBUG] 2026-04-28 11:57:37 shopee_crawler: Tầng 2 fail, thử Tầng 3 (Heuristic Scraping)...
[DEBUG] 2026-04-28 11:57:37 shopee_crawler: Đã chụp ảnh debug bóc tách tại: D:\Workspace\pro_affiliate\crawler\shopee\output\debug_extract_23244410073.png
[ERROR] 2026-04-28 11:57:37 shopee_crawler: ❌ Thất bại hoàn toàn: 23244410073. Check log: D:\Workspace\pro_affiliate\crawler\shopee\output\error_23244410073.png
[ERROR] 2026-04-28 11:57:38 main: Crawl thất bại
[INFO] 2026-04-28 12:11:46 main: Crawl URL: https://shopee.vn/product/89827191/23244410073
[DEBUG] 2026-04-28 12:11:46 url_parser: Parsed (dạng /product/): {'shop_id': '89827191', 'item_id': '23244410073'}
[INFO] 2026-04-28 12:11:46 shopee_crawler: 📦 Đang xử lý: 89827191/23244410073
[INFO] 2026-04-28 12:11:47 shopee_crawler: Navigating to: https://shopee.vn/product/89827191/23244410073
[DEBUG] 2026-04-28 12:11:52 shopee_crawler: Checking for modals/overlays...
[DEBUG] 2026-04-28 12:12:04 shopee_crawler: Network not idle, moving on...
[DEBUG] 2026-04-28 12:12:07 shopee_crawler: Tầng 1 fail, thử Tầng 2 (Initial State)...
[DEBUG] 2026-04-28 12:12:07 shopee_crawler: Tầng 2 fail, thử Tầng 3 (Heuristic Scraping)...
[DEBUG] 2026-04-28 12:12:07 shopee_crawler: Đã chụp ảnh debug bóc tách tại: D:\Workspace\pro_affiliate\crawler\shopee\output\debug_extract_23244410073.png
[ERROR] 2026-04-28 12:12:07 shopee_crawler: ❌ Thất bại hoàn toàn: 23244410073. Check log: D:\Workspace\pro_affiliate\crawler\shopee\output\error_23244410073.png
[ERROR] 2026-04-28 12:12:08 main: Crawl thất bại
[INFO] 2026-04-28 12:12:11 main: Crawl URL: https://shopee.vn/product/89827191/23244410073
[DEBUG] 2026-04-28 12:12:11 url_parser: Parsed (dạng /product/): {'shop_id': '89827191', 'item_id': '23244410073'}
[INFO] 2026-04-28 12:12:11 shopee_crawler: 📦 Đang xử lý: 89827191/23244410073
[INFO] 2026-04-28 12:12:13 shopee_crawler: Navigating to: https://shopee.vn/product/89827191/23244410073
[DEBUG] 2026-04-28 12:12:18 shopee_crawler: Checking for modals/overlays...
[DEBUG] 2026-04-28 12:12:30 shopee_crawler: Network not idle, moving on...
[DEBUG] 2026-04-28 12:12:33 shopee_crawler: Tầng 1 fail, thử Tầng 2 (Initial State)...
[DEBUG] 2026-04-28 12:12:33 shopee_crawler: Tầng 2 fail, thử Tầng 3 (Heuristic Scraping)...
[DEBUG] 2026-04-28 12:12:33 shopee_crawler: Đã chụp ảnh debug bóc tách tại: D:\Workspace\pro_affiliate\crawler\shopee\output\debug_extract_23244410073.png
[ERROR] 2026-04-28 12:12:33 shopee_crawler: ❌ Thất bại hoàn toàn: 23244410073. Check log: D:\Workspace\pro_affiliate\crawler\shopee\output\error_23244410073.png
[ERROR] 2026-04-28 12:12:34 main: Crawl thất bại
[INFO] 2026-04-28 12:12:40 main: Crawl URL: https://shopee.vn/product/89827191/23244410073
[DEBUG] 2026-04-28 12:12:40 url_parser: Parsed (dạng /product/): {'shop_id': '89827191', 'item_id': '23244410073'}
[INFO] 2026-04-28 12:12:40 shopee_crawler: 📦 Đang xử lý: 89827191/23244410073
[INFO] 2026-04-28 12:12:41 shopee_crawler: Navigating to: https://shopee.vn/product/89827191/23244410073
[DEBUG] 2026-04-28 12:12:47 shopee_crawler: Checking for modals/overlays...
[DEBUG] 2026-04-28 12:12:59 shopee_crawler: Network not idle, moving on...
[DEBUG] 2026-04-28 12:13:03 shopee_crawler: Tầng 1 fail, thử Tầng 2 (Initial State)...
[DEBUG] 2026-04-28 12:13:03 shopee_crawler: Tầng 2 fail, thử Tầng 3 (Heuristic Scraping)...
[DEBUG] 2026-04-28 12:13:03 shopee_crawler: Đã chụp ảnh debug bóc tách tại: D:\Workspace\pro_affiliate\crawler\shopee\output\debug_extract_23244410073.png
[DEBUG] 2026-04-28 12:13:03 shopee_crawler: ✅ [Heuristic] Lấy được Price: 0
[INFO] 2026-04-28 12:13:03 shopee_crawler: ✅ Thành công: Ốp Lưng iPhone TPU Silicon Mềm 4 Góc Cao...
[INFO] 2026-04-28 12:13:13 main: Crawl URL: https://shopee.vn/product/89827191/23244410073
[DEBUG] 2026-04-28 12:13:13 url_parser: Parsed (dạng /product/): {'shop_id': '89827191', 'item_id': '23244410073'}
[INFO] 2026-04-28 12:13:13 shopee_crawler: 📦 Đang xử lý: 89827191/23244410073
[INFO] 2026-04-28 12:13:14 shopee_crawler: Navigating to: https://shopee.vn/product/89827191/23244410073
[DEBUG] 2026-04-28 12:13:19 shopee_crawler: Checking for modals/overlays...
[DEBUG] 2026-04-28 12:13:31 shopee_crawler: Network not idle, moving on...
[DEBUG] 2026-04-28 12:13:34 shopee_crawler: Tầng 1 fail, thử Tầng 2 (Initial State)...
[DEBUG] 2026-04-28 12:13:34 shopee_crawler: Tầng 2 fail, thử Tầng 3 (Heuristic Scraping)...
[DEBUG] 2026-04-28 12:13:34 shopee_crawler: Đã chụp ảnh debug bóc tách tại: D:\Workspace\pro_affiliate\crawler\shopee\output\debug_extract_23244410073.png
[ERROR] 2026-04-28 12:13:34 shopee_crawler: ❌ Thất bại hoàn toàn: 23244410073. Check log: D:\Workspace\pro_affiliate\crawler\shopee\output\error_23244410073.png
[ERROR] 2026-04-28 12:13:36 main: Crawl thất bại
[INFO] 2026-04-28 12:13:39 main: Crawl URL: https://shopee.vn/product/89827191/23244410073
[DEBUG] 2026-04-28 12:13:39 url_parser: Parsed (dạng /product/): {'shop_id': '89827191', 'item_id': '23244410073'}
[INFO] 2026-04-28 12:13:39 shopee_crawler: 📦 Đang xử lý: 89827191/23244410073
[INFO] 2026-04-28 12:13:40 shopee_crawler: Navigating to: https://shopee.vn/product/89827191/23244410073
[DEBUG] 2026-04-28 12:13:45 shopee_crawler: Checking for modals/overlays...
[DEBUG] 2026-04-28 12:13:57 shopee_crawler: Network not idle, moving on...
[DEBUG] 2026-04-28 12:14:00 shopee_crawler: Tầng 1 fail, thử Tầng 2 (Initial State)...
[DEBUG] 2026-04-28 12:14:00 shopee_crawler: Tầng 2 fail, thử Tầng 3 (Heuristic Scraping)...
[DEBUG] 2026-04-28 12:14:00 shopee_crawler: Đã chụp ảnh debug bóc tách tại: D:\Workspace\pro_affiliate\crawler\shopee\output\debug_extract_23244410073.png
[DEBUG] 2026-04-28 12:14:00 shopee_crawler: ✅ [Heuristic] Lấy được Price: 0
[INFO] 2026-04-28 12:14:00 shopee_crawler: ✅ Thành công: Ốp Lưng iPhone TPU Silicon Mềm 4 Góc Cao...
[INFO] 2026-04-28 12:34:09 main: Crawl URL: https://shopee.vn/product/89827191/23244410073
[DEBUG] 2026-04-28 12:34:09 url_parser: Parsed (dạng /product/): {'shop_id': '89827191', 'item_id': '23244410073'}
[INFO] 2026-04-28 12:34:09 shopee_crawler: 📦 Đang xử lý: 89827191/23244410073
[INFO] 2026-04-28 12:34:19 shopee_crawler: Navigating to: https://shopee.vn/product/89827191/23244410073
[DEBUG] 2026-04-28 12:34:27 shopee_crawler: Checking for modals/overlays...
[DEBUG] 2026-04-28 12:34:44 shopee_crawler: Network not idle, moving on...
[DEBUG] 2026-04-28 12:34:56 shopee_crawler: Tầng 1 fail, thử Tầng 2 (Initial State)...
[DEBUG] 2026-04-28 12:34:57 shopee_crawler: Tầng 2 fail, thử Tầng 3 (Heuristic Scraping)...
[DEBUG] 2026-04-28 12:35:09 shopee_crawler: Đã chụp ảnh debug bóc tách tại: D:\Workspace\pro_affiliate\crawler\shopee\output\debug_extract_23244410073.png
[ERROR] 2026-04-28 12:35:09 shopee_crawler: ❌ Thất bại hoàn toàn: 23244410073. Check log: D:\Workspace\pro_affiliate\crawler\shopee\output\error_23244410073.png
[ERROR] 2026-04-28 12:36:15 main: Crawl thất bại
[INFO] 2026-04-28 12:47:14 main: Crawl URL: https://shopee.vn/product/89827191/23244410073
[DEBUG] 2026-04-28 12:47:14 url_parser: Parsed (dạng /product/): {'shop_id': '89827191', 'item_id': '23244410073'}
[INFO] 2026-04-28 12:47:14 shopee_crawler: 📦 Đang xử lý: 89827191/23244410073
[INFO] 2026-04-28 12:47:15 shopee_crawler: Navigating to: https://shopee.vn/product/89827191/23244410073
[WARNING] 2026-04-28 12:47:30 shopee_crawler: Trang có vẻ chưa load xong hoặc bị chặn (Trang trắng). Đang thử xử lý...
[DEBUG] 2026-04-28 12:47:36 shopee_crawler: Checking for modals/overlays...
[DEBUG] 2026-04-28 12:47:49 shopee_crawler: Network not idle, moving on...
[DEBUG] 2026-04-28 12:47:52 shopee_crawler: Tầng 1 fail, thử Tầng 2 (Initial State)...
[DEBUG] 2026-04-28 12:47:52 shopee_crawler: Tầng 2 fail, thử Tầng 3 (Heuristic Scraping)...
[DEBUG] 2026-04-28 12:47:52 shopee_crawler: Đã chụp ảnh debug bóc tách tại: D:\Workspace\pro_affiliate\crawler\shopee\output\debug_extract_23244410073.png
[ERROR] 2026-04-28 12:47:52 shopee_crawler: ❌ Thất bại hoàn toàn: 23244410073. Check log: D:\Workspace\pro_affiliate\crawler\shopee\output\error_23244410073.png
[ERROR] 2026-04-28 12:47:52 main: Crawl thất bại
[INFO] 2026-04-28 13:30:29 main: Crawl URL: https://shopee.vn/product/89827191/23244410073
[DEBUG] 2026-04-28 13:30:29 url_parser: Parsed (dạng /product/): {'shop_id': '89827191', 'item_id': '23244410073'}
[INFO] 2026-04-28 13:30:29 shopee_crawler: 📦 Đang xử lý: 89827191/23244410073
[INFO] 2026-04-28 13:30:31 shopee_crawler: Navigating to: https://shopee.vn/product/89827191/23244410073
[WARNING] 2026-04-28 13:30:46 shopee_crawler: Trang có vẻ bị kẹt (Trang trắng). Đang thử 'Hard Reload'...
[INFO] 2026-04-28 13:30:46 shopee_crawler: Thực hiện Hard Reload...
[DEBUG] 2026-04-28 13:30:54 shopee_crawler: Checking for modals/overlays...
[DEBUG] 2026-04-28 13:31:06 shopee_crawler: Network not idle, moving on...
[INFO] 2026-04-28 13:31:09 shopee_crawler: 🔥 Đang ép gọi Internal API để lấy dữ liệu gốc...
[DEBUG] 2026-04-28 13:31:10 shopee_crawler: Tầng 1 fail, thử Tầng 2 (Initial State)...
[DEBUG] 2026-04-28 13:31:10 shopee_crawler: Tầng 2 fail, thử Tầng 3 (Heuristic Scraping)...
[DEBUG] 2026-04-28 13:31:10 shopee_crawler: Đã chụp ảnh debug bóc tách tại: D:\Workspace\pro_affiliate\crawler\shopee\output\debug_extract_23244410073.png
[ERROR] 2026-04-28 13:31:10 shopee_crawler: ❌ Thất bại hoàn toàn: 23244410073. Check log: D:\Workspace\pro_affiliate\crawler\shopee\output\error_23244410073.png
[ERROR] 2026-04-28 13:31:10 main: Crawl thất bại
[INFO] 2026-04-28 13:33:35 main: Crawl URL: https://shopee.vn/product/89827191/23244410073
[DEBUG] 2026-04-28 13:33:35 url_parser: Parsed (dạng /product/): {'shop_id': '89827191', 'item_id': '23244410073'}
[INFO] 2026-04-28 13:33:35 shopee_crawler: 📦 Đang xử lý: 89827191/23244410073
[INFO] 2026-04-28 13:33:36 shopee_crawler: Navigating to: https://shopee.vn/product/89827191/23244410073
[WARNING] 2026-04-28 13:33:51 shopee_crawler: Trang có vẻ bị kẹt (Trang trắng). Đang thử 'Hard Reload'...
[INFO] 2026-04-28 13:33:51 shopee_crawler: Thực hiện Hard Reload...
[DEBUG] 2026-04-28 13:33:59 shopee_crawler: Checking for modals/overlays...
[DEBUG] 2026-04-28 13:34:11 shopee_crawler: Network not idle, moving on...
[INFO] 2026-04-28 13:34:14 shopee_crawler: 🔥 Đang ép gọi Internal API để lấy dữ liệu gốc...
[DEBUG] 2026-04-28 13:34:15 shopee_crawler: Active API Fetch error: name 'json' is not defined
[DEBUG] 2026-04-28 13:34:15 shopee_crawler: Tầng 1 fail, thử Tầng 2 (Initial State)...
[DEBUG] 2026-04-28 13:34:15 shopee_crawler: Tầng 2 fail, thử Tầng 3 (Heuristic Scraping)...
[DEBUG] 2026-04-28 13:34:15 shopee_crawler: Đã chụp ảnh debug bóc tách tại: D:\Workspace\pro_affiliate\crawler\shopee\output\debug_extract_23244410073.png
[ERROR] 2026-04-28 13:34:15 shopee_crawler: ❌ Thất bại hoàn toàn: 23244410073. Check log: D:\Workspace\pro_affiliate\crawler\shopee\output\error_23244410073.png
[ERROR] 2026-04-28 13:34:15 main: Crawl thất bại
[INFO] 2026-04-28 13:37:33 main: Crawl URL: https://shopee.vn/product/89827191/23244410073
[DEBUG] 2026-04-28 13:37:33 url_parser: Parsed (dạng /product/): {'shop_id': '89827191', 'item_id': '23244410073'}
[INFO] 2026-04-28 13:37:33 shopee_crawler: 📦 Đang xử lý: 89827191/23244410073
[INFO] 2026-04-28 13:37:35 shopee_crawler: Navigating to: https://shopee.vn/product/89827191/23244410073
[WARNING] 2026-04-28 13:37:50 shopee_crawler: Trang có vẻ bị kẹt (Trang trắng). Đang thử 'Hard Reload'...
[INFO] 2026-04-28 13:37:50 shopee_crawler: Thực hiện Hard Reload...
[DEBUG] 2026-04-28 13:37:58 shopee_crawler: Checking for modals/overlays...
[DEBUG] 2026-04-28 13:38:10 shopee_crawler: Network not idle, moving on...
[INFO] 2026-04-28 13:38:13 shopee_crawler: 🔥 Đang ép gọi Internal API để lấy dữ liệu gốc...
[INFO] 2026-04-28 13:38:13 shopee_crawler: ✅ Đã lưu JSON gốc vào: D:\Workspace\pro_affiliate\crawler\shopee\output\debug_api_23244410073.json
[DEBUG] 2026-04-28 13:38:13 shopee_crawler: Tầng 1 fail, thử Tầng 2 (Initial State)...
[DEBUG] 2026-04-28 13:38:13 shopee_crawler: Tầng 2 fail, thử Tầng 3 (Heuristic Scraping)...
[DEBUG] 2026-04-28 13:38:13 shopee_crawler: Đã chụp ảnh debug bóc tách tại: D:\Workspace\pro_affiliate\crawler\shopee\output\debug_extract_23244410073.png
[ERROR] 2026-04-28 13:38:13 shopee_crawler: ❌ Thất bại hoàn toàn: 23244410073. Check log: D:\Workspace\pro_affiliate\crawler\shopee\output\error_23244410073.png
[ERROR] 2026-04-28 13:38:14 main: Crawl thất bại
[INFO] 2026-04-28 13:42:04 main: Crawl URL: https://shopee.vn/product/89827191/23244410073
[DEBUG] 2026-04-28 13:42:04 url_parser: Parsed (dạng /product/): {'shop_id': '89827191', 'item_id': '23244410073'}
[INFO] 2026-04-28 13:42:04 shopee_crawler: 📦 Đang xử lý: 89827191/23244410073
[INFO] 2026-04-28 13:42:07 shopee_crawler: Navigating to: https://shopee.vn/product/89827191/23244410073
[DEBUG] 2026-04-28 13:42:08 shopee_crawler: Checking for modals/overlays...
[DEBUG] 2026-04-28 13:42:41 shopee_crawler: Modal check skip/fail: Timeout 30000ms exceeded.
[INFO] 2026-04-28 13:42:44 shopee_crawler: 🔥 Đang ép gọi Internal API để lấy dữ liệu gốc...
[INFO] 2026-04-28 13:42:44 shopee_crawler: ✅ Đã lưu JSON gốc vào: D:\Workspace\pro_affiliate\crawler\shopee\output\debug_api_23244410073.json
[DEBUG] 2026-04-28 13:42:44 shopee_crawler: Tầng 1 fail, thử Tầng 2 (Initial State)...
[DEBUG] 2026-04-28 13:42:44 shopee_crawler: Tầng 2 fail, thử Tầng 3 (Heuristic Scraping)...
[DEBUG] 2026-04-28 13:42:44 shopee_crawler: Đã chụp ảnh debug bóc tách tại: D:\Workspace\pro_affiliate\crawler\shopee\output\debug_extract_23244410073.png
[DEBUG] 2026-04-28 13:42:44 shopee_crawler: ✅ [Heuristic] Lấy được Price: 0
[INFO] 2026-04-28 13:42:44 shopee_crawler: ✅ Thành công: Ốp Lưng iPhone TPU Silicon Mềm 4 Góc Cao...
[INFO] 2026-04-28 13:43:54 main: Crawl URL: https://shopee.vn/product/89827191/23244410073
[DEBUG] 2026-04-28 13:43:54 url_parser: Parsed (dạng /product/): {'shop_id': '89827191', 'item_id': '23244410073'}
[INFO] 2026-04-28 13:43:54 shopee_crawler: 📦 Đang xử lý: 89827191/23244410073
[INFO] 2026-04-28 13:43:58 shopee_crawler: Navigating to: https://shopee.vn/product/89827191/23244410073
[WARNING] 2026-04-28 13:44:13 shopee_crawler: Trang có vẻ bị kẹt (Trang trắng). Đang thử 'Hard Reload'...
[INFO] 2026-04-28 13:44:13 shopee_crawler: Thực hiện Hard Reload...
[DEBUG] 2026-04-28 13:44:21 shopee_crawler: Checking for modals/overlays...
[INFO] 2026-04-28 13:44:30 shopee_crawler: 🔥 Đang ép gọi Internal API để lấy dữ liệu gốc...
[INFO] 2026-04-28 13:44:30 shopee_crawler: ✅ Đã lưu JSON gốc vào: D:\Workspace\pro_affiliate\crawler\shopee\output\debug_api_23244410073.json
[DEBUG] 2026-04-28 13:44:30 shopee_crawler: Tầng 1 fail, thử Tầng 2 (Initial State)...
[DEBUG] 2026-04-28 13:44:30 shopee_crawler: Tầng 2 fail, thử Tầng 3 (Heuristic Scraping)...
[DEBUG] 2026-04-28 13:44:30 shopee_crawler: Đã chụp ảnh debug bóc tách tại: D:\Workspace\pro_affiliate\crawler\shopee\output\debug_extract_23244410073.png
[ERROR] 2026-04-28 13:44:30 shopee_crawler: ❌ Thất bại hoàn toàn: 23244410073. Check log: D:\Workspace\pro_affiliate\crawler\shopee\output\error_23244410073.png
[ERROR] 2026-04-28 13:44:31 main: Crawl thất bại
[INFO] 2026-04-28 13:50:10 main: Crawl URL: https://shopee.vn/product/89827191/23244410073
[DEBUG] 2026-04-28 13:50:10 url_parser: Parsed (dạng /product/): {'shop_id': '89827191', 'item_id': '23244410073'}
[INFO] 2026-04-28 13:50:10 shopee_crawler: 📦 Đang xử lý: 89827191/23244410073
[INFO] 2026-04-28 13:50:12 shopee_crawler: Warming up at homepage...
[INFO] 2026-04-28 13:50:17 shopee_crawler: Navigating to: https://shopee.vn/product/89827191/23244410073
[DEBUG] 2026-04-28 13:50:19 shopee_crawler: Checking for modals/overlays...
[DEBUG] 2026-04-28 13:50:22 shopee_crawler: ✅ Đã click chọn Tiếng Việt (Native)
[INFO] 2026-04-28 13:50:28 shopee_crawler: 🔥 Đang ép gọi Internal API để lấy dữ liệu gốc...
[INFO] 2026-04-28 13:50:28 shopee_crawler: ✅ Đã lưu JSON gốc vào: D:\Workspace\pro_affiliate\crawler\shopee\output\debug_api_23244410073.json
[INFO] 2026-04-28 13:50:28 shopee_crawler: ✅ Thành công: Ốp Lưng iPhone TPU Silicon Mềm 4 Góc Cao...
[DEBUG] 2026-04-28 13:50:28 shopee_crawler: 🔥 [INTERCEPT] Bắt được API data
[INFO] 2026-04-28 13:53:24 main: Crawl URL: https://shopee.vn/%C4%90i%E1%BB%87n-tho%E1%BA%A1i-Apple-iPhone-15-128GB-i.88201679.18093055535?extraParams=%7B%22display_model_id%22%3A232019036270%2C%22model_selection_logic%22%3A3%7D
[DEBUG] 2026-04-28 13:53:24 url_parser: Parsed (dạng chuẩn): {'shop_id': '88201679', 'item_id': '18093055535'}
[INFO] 2026-04-28 13:53:24 shopee_crawler: 📦 Đang xử lý: 88201679/18093055535
[INFO] 2026-04-28 13:53:26 shopee_crawler: Warming up at homepage...
[INFO] 2026-04-28 13:53:31 shopee_crawler: Navigating to: https://shopee.vn/%C4%90i%E1%BB%87n-tho%E1%BA%A1i-Apple-iPhone-15-128GB-i.88201679.18093055535?extraParams=%7B%22display_model_id%22%3A232019036270%2C%22model_selection_logic%22%3A3%7D
[DEBUG] 2026-04-28 13:53:33 shopee_crawler: Checking for modals/overlays...
[DEBUG] 2026-04-28 13:53:36 shopee_crawler: ✅ Đã click chọn Tiếng Việt (Native)
[INFO] 2026-04-28 13:53:42 shopee_crawler: 🔥 Đang ép gọi Internal API để lấy dữ liệu gốc...
[INFO] 2026-04-28 13:53:42 shopee_crawler: ✅ Đã lưu JSON gốc vào: D:\Workspace\pro_affiliate\crawler\shopee\output\debug_api_18093055535.json
[INFO] 2026-04-28 13:53:42 shopee_crawler: ✅ Thành công: Điện thoại Apple iPhone 15 128GB...
[DEBUG] 2026-04-28 13:53:42 shopee_crawler: 🔥 [INTERCEPT] Bắt được API data
[INFO] 2026-04-28 13:56:57 batch_crawler: 📄 Đọc được 3 URL từ urls.txt
[INFO] 2026-04-28 13:56:57 batch_crawler: 🚀 Bắt đầu crawl 3 URL...
[DEBUG] 2026-04-28 13:56:57 url_parser: Parsed (dạng chuẩn): {'shop_id': '88201679', 'item_id': '18093055535'}
[DEBUG] 2026-04-28 13:56:57 url_parser: Parsed (dạng chuẩn): {'shop_id': '187103490', 'item_id': '17576448641'}
[DEBUG] 2026-04-28 13:56:57 url_parser: Parsed (dạng chuẩn): {'shop_id': '1348480201', 'item_id': '26110161057'}
[INFO] 2026-04-28 13:56:57 batch_crawler: [  1/3] 🔍 https://shopee.vn/%C4%90i%E1%BB%87n-tho%E1%BA%A1i-Apple-iPho
[INFO] 2026-04-28 13:56:57 shopee_crawler: 📦 Đang xử lý: 88201679/18093055535
[INFO] 2026-04-28 13:56:58 shopee_crawler: Warming up at homepage...
[INFO] 2026-04-28 13:57:09 shopee_crawler: Navigating to: https://shopee.vn/product/88201679/18093055535?lang=vi
[DEBUG] 2026-04-28 13:57:11 shopee_crawler: Checking for modals/overlays...
[DEBUG] 2026-04-28 13:57:14 shopee_crawler: ✅ Đã click chọn Tiếng Việt (Native)
[INFO] 2026-04-28 13:57:20 shopee_crawler: 🔥 Đang ép gọi Internal API để lấy dữ liệu gốc...
[INFO] 2026-04-28 13:57:20 shopee_crawler: ✅ Đã lưu JSON gốc vào: D:\Workspace\pro_affiliate\crawler\shopee\output\debug_api_18093055535.json
[INFO] 2026-04-28 13:57:20 shopee_crawler: ✅ Thành công: Điện thoại Apple iPhone 15 128GB...
[DEBUG] 2026-04-28 13:57:20 shopee_crawler: 🔥 [INTERCEPT] Bắt được API data
[INFO] 2026-04-28 13:58:23 batch_crawler: 📄 Đọc được 3 URL từ urls.txt
[INFO] 2026-04-28 13:58:23 batch_crawler: 🚀 Bắt đầu crawl 3 URL...
[DEBUG] 2026-04-28 13:58:23 url_parser: Parsed (dạng chuẩn): {'shop_id': '88201679', 'item_id': '18093055535'}
[DEBUG] 2026-04-28 13:58:23 url_parser: Parsed (dạng chuẩn): {'shop_id': '187103490', 'item_id': '17576448641'}
[DEBUG] 2026-04-28 13:58:23 url_parser: Parsed (dạng chuẩn): {'shop_id': '1348480201', 'item_id': '26110161057'}
[INFO] 2026-04-28 13:58:23 batch_crawler: [  1/3] 🔍 https://shopee.vn/%C4%90i%E1%BB%87n-tho%E1%BA%A1i-Apple-iPho...
[INFO] 2026-04-28 13:58:23 shopee_crawler: 📦 Đang xử lý: 88201679/18093055535
[INFO] 2026-04-28 13:58:25 shopee_crawler: Warming up at homepage...
[INFO] 2026-04-28 13:58:29 shopee_crawler: Navigating to: https://shopee.vn/%C4%90i%E1%BB%87n-tho%E1%BA%A1i-Apple-iPhone-15-128GB-i.88201679.18093055535
[DEBUG] 2026-04-28 13:58:30 shopee_crawler: Checking for modals/overlays...
[DEBUG] 2026-04-28 13:58:34 shopee_crawler: ✅ Đã click chọn Tiếng Việt (Native)
[INFO] 2026-04-28 13:58:40 shopee_crawler: 🔥 Đang ép gọi Internal API để lấy dữ liệu gốc...
[INFO] 2026-04-28 13:58:40 shopee_crawler: ✅ Đã lưu JSON gốc vào: D:\Workspace\pro_affiliate\crawler\shopee\output\debug_api_18093055535.json
[INFO] 2026-04-28 13:58:40 shopee_crawler: ✅ Thành công: Điện thoại Apple iPhone 15 128GB...
[DEBUG] 2026-04-28 13:58:40 shopee_crawler: 🔥 [INTERCEPT] Bắt được API data
[INFO] 2026-04-28 13:58:40 batch_crawler: [  1/3] ✅ Điện thoại Apple iPhone 15 128GB
[INFO] 2026-04-28 13:58:40 batch_crawler: [  2/3] 🔍 https://shopee.vn/Qu%E1%BA%A7n-Short-unisex-nam-n%E1%BB%AF-c...
[INFO] 2026-04-28 13:58:40 shopee_crawler: 📦 Đang xử lý: 187103490/17576448641
[INFO] 2026-04-28 13:58:42 shopee_crawler: Warming up at homepage...
[INFO] 2026-04-28 13:58:54 shopee_crawler: Navigating to: https://shopee.vn/Qu%E1%BA%A7n-Short-unisex-nam-n%E1%BB%AF-ch%E1%BA%A5t-cotton-cao-c%E1%BA%A5p-phong-c%C3%A1ch-th%E1%BB%83-thao-m%E1%BA%B7c-tho%C3%A1ng-m%C3%A1t-co-d%C3%A3n-4-chi%E1%BB%81u-qu%E1%BA%A7n-%C4%91%C3%B9i-nam-n%E1%BB%AF-basi-i.187103490.17576448641
[DEBUG] 2026-04-28 13:58:55 shopee_crawler: Checking for modals/overlays...
[DEBUG] 2026-04-28 13:58:59 shopee_crawler: ✅ Đã click chọn Tiếng Việt (Native)
[INFO] 2026-04-28 13:59:04 shopee_crawler: 🔥 Đang ép gọi Internal API để lấy dữ liệu gốc...
[INFO] 2026-04-28 13:59:04 shopee_crawler: ✅ Đã lưu JSON gốc vào: D:\Workspace\pro_affiliate\crawler\shopee\output\debug_api_17576448641.json
[INFO] 2026-04-28 13:59:04 shopee_crawler: ✅ Thành công: Quần Short unisex nam nữ chất cotton cao...
[DEBUG] 2026-04-28 13:59:04 shopee_crawler: 🔥 [INTERCEPT] Bắt được API data
[INFO] 2026-04-28 13:59:05 batch_crawler: [  2/3] ✅ Quần Short unisex nam nữ chất cotton cao cấp, phon...
[INFO] 2026-04-28 13:59:05 batch_crawler: [  3/3] 🔍 https://shopee.vn/%C3%81o-Hoodie-LAVI-STUDIO-Form-R%E1%BB%99...
[INFO] 2026-04-28 13:59:05 shopee_crawler: 📦 Đang xử lý: 1348480201/26110161057
[INFO] 2026-04-28 13:59:06 shopee_crawler: Warming up at homepage...
[INFO] 2026-04-28 13:59:19 shopee_crawler: Navigating to: https://shopee.vn/%C3%81o-Hoodie-LAVI-STUDIO-Form-R%E1%BB%99ng-Nam-N%E1%BB%AF-Unisex-N%E1%BB%89-B%C3%B4ng-Cotton-100-Local-Brand-i.1348480201.26110161057
[DEBUG] 2026-04-28 13:59:20 shopee_crawler: Checking for modals/overlays...
[DEBUG] 2026-04-28 13:59:24 shopee_crawler: ✅ Đã click chọn Tiếng Việt (Native)
[DEBUG] 2026-04-28 13:59:35 shopee_crawler: Network not idle, moving on...
[INFO] 2026-04-28 13:59:38 shopee_crawler: 🔥 Đang ép gọi Internal API để lấy dữ liệu gốc...
[INFO] 2026-04-28 13:59:38 shopee_crawler: ✅ Đã lưu JSON gốc vào: D:\Workspace\pro_affiliate\crawler\shopee\output\debug_api_26110161057.json
[INFO] 2026-04-28 13:59:38 shopee_crawler: ✅ Thành công: Áo Hoodie LAVI STUDIO Form Rộng Nam Nữ U...
[DEBUG] 2026-04-28 13:59:38 shopee_crawler: 🔥 [INTERCEPT] Bắt được API data
[INFO] 2026-04-28 13:59:38 batch_crawler: [  3/3] ✅ Áo Hoodie LAVI STUDIO Form Rộng Nam Nữ Unisex Nỉ B...
[INFO] 2026-04-28 13:59:38 batch_crawler: ──────────────────────────────────────────────────
[INFO] 2026-04-28 13:59:38 batch_crawler: 📊 KẾT QUẢ BATCH: 3/3 thành công
[INFO] 2026-04-28 13:59:38 batch_crawler: ──────────────────────────────────────────────────
[INFO] 2026-04-28 13:59:38 batch_crawler: 📈 Thống kê crawler: 3/3 request thành công (100.0%)
[INFO] 2026-04-28 13:59:38 batch_crawler: 💾 Đã lưu 3 sản phẩm → D:\Workspace\pro_affiliate\crawler\shopee\output\shopee_products.json
[INFO] 2026-04-28 14:06:02 batch_crawler: 📄 Đọc được 3 URL từ urls.txt
[INFO] 2026-04-28 14:06:02 shopee_crawler: 🚀 Khởi động trình duyệt duy nhất cho toàn bộ quá trình...
[INFO] 2026-04-28 14:06:04 shopee_crawler: Warming up session...
[INFO] 2026-04-28 14:06:09 batch_crawler: 🚀 Bắt đầu crawl 3 URL...
[DEBUG] 2026-04-28 14:06:09 url_parser: Parsed (dạng chuẩn): {'shop_id': '88201679', 'item_id': '18093055535'}
[DEBUG] 2026-04-28 14:06:09 url_parser: Parsed (dạng chuẩn): {'shop_id': '187103490', 'item_id': '17576448641'}
[DEBUG] 2026-04-28 14:06:09 url_parser: Parsed (dạng /product/): {'shop_id': '89827191', 'item_id': '23244410073'}
[INFO] 2026-04-28 14:06:09 batch_crawler: [  1/3] 🔍 https://shopee.vn/%C4%90i%E1%BB%87n-tho%E1%BA%A1i-Apple-iPho...
[INFO] 2026-04-28 14:06:09 shopee_crawler: 📦 Đang xử lý: 88201679/18093055535
[INFO] 2026-04-28 14:06:09 shopee_crawler: Navigating to: https://shopee.vn/%C4%90i%E1%BB%87n-tho%E1%BA%A1i-Apple-iPhone-15-128GB-i.88201679.18093055535?extra
[INFO] 2026-04-28 14:06:12 shopee_crawler: 🔥 Đang ép gọi Internal API...
[DEBUG] 2026-04-28 14:06:14 shopee_crawler: 🔥 [INTERCEPT] Bắt được dữ liệu: Điện thoại Apple iPhone 15 128...
[INFO] 2026-04-28 14:06:14 shopee_crawler: ✅ Thành công: Điện thoại Apple iPhone 15 128GB...
[INFO] 2026-04-28 14:06:14 batch_crawler: [  1/3] ✅ Điện thoại Apple iPhone 15 128GB
[INFO] 2026-04-28 14:06:14 batch_crawler: ⏳ Nghỉ 5.7s trước link tiếp theo...
[INFO] 2026-04-28 14:06:20 batch_crawler: [  2/3] 🔍 https://shopee.vn/Qu%E1%BA%A7n-Short-unisex-nam-n%E1%BB%AF-c...
[INFO] 2026-04-28 14:06:20 shopee_crawler: 📦 Đang xử lý: 187103490/17576448641
[INFO] 2026-04-28 14:06:20 shopee_crawler: Navigating to: https://shopee.vn/Qu%E1%BA%A7n-Short-unisex-nam-n%E1%BB%AF-ch%E1%BA%A5t-cotton-cao-c%E1%BA%A5p-phong-c%C3%A1ch-th%E1%BB%83-thao-m%E1%BA%B7c-tho%C3%A1ng-m%C3%A1t-co-d%C3%A3n-4-chi%E1%BB%81u-qu%E1%BA%A7n-%C4%91%C3%B9i-nam-n%E1%BB%AF-basi-i.187103490.17576448641
[INFO] 2026-04-28 14:06:24 shopee_crawler: 🔥 Đang ép gọi Internal API...
[DEBUG] 2026-04-28 14:06:26 shopee_crawler: 🔥 [INTERCEPT] Bắt được dữ liệu: Quần Short unisex nam nữ chất ...
[INFO] 2026-04-28 14:06:26 shopee_crawler: ✅ Thành công: Quần Short unisex nam nữ chất cotton cao...
[INFO] 2026-04-28 14:06:26 batch_crawler: [  2/3] ✅ Quần Short unisex nam nữ chất cotton cao cấp, phon...
[INFO] 2026-04-28 14:06:26 batch_crawler: ⏳ Nghỉ 5.9s trước link tiếp theo...
[INFO] 2026-04-28 14:06:32 batch_crawler: [  3/3] 🔍 https://shopee.vn/product/89827191/23244410073...
[INFO] 2026-04-28 14:06:32 shopee_crawler: 📦 Đang xử lý: 89827191/23244410073
[INFO] 2026-04-28 14:06:32 shopee_crawler: Navigating to: https://shopee.vn/product/89827191/23244410073
[INFO] 2026-04-28 14:06:36 shopee_crawler: 🔥 Đang ép gọi Internal API...
[DEBUG] 2026-04-28 14:06:38 shopee_crawler: 🔥 [INTERCEPT] Bắt được dữ liệu: Ốp Lưng iPhone TPU Silicon Mềm...
[INFO] 2026-04-28 14:06:38 shopee_crawler: ✅ Thành công: Ốp Lưng iPhone TPU Silicon Mềm 4 Góc Cao...
[INFO] 2026-04-28 14:06:38 batch_crawler: [  3/3] ✅ Ốp Lưng iPhone TPU Silicon Mềm 4 Góc Cao Cấp, Chốn...
[INFO] 2026-04-28 14:06:38 batch_crawler: ──────────────────────────────────────────────────
[INFO] 2026-04-28 14:06:38 batch_crawler: 📊 KẾT QUẢ BATCH: 3/3 thành công
[INFO] 2026-04-28 14:06:38 batch_crawler: ──────────────────────────────────────────────────
[INFO] 2026-04-28 14:06:38 batch_crawler: 📈 Thống kê crawler: 3/3 request thành công (100.0%)
[INFO] 2026-04-28 14:06:38 batch_crawler: 💾 Đã lưu 3 sản phẩm → D:\Workspace\pro_affiliate\crawler\shopee\output\shopee_products.json
[INFO] 2026-04-28 14:06:38 shopee_crawler: 🛑 Đã đóng trình duyệt.
[INFO] 2026-04-28 14:09:07 batch_crawler: 📄 Đọc được 3 URL từ urls.txt
[INFO] 2026-04-28 14:09:07 shopee_crawler: 🚀 Khởi động trình duyệt duy nhất cho toàn bộ quá trình...
[INFO] 2026-04-28 14:09:08 shopee_crawler: Warming up session...
[INFO] 2026-04-28 14:09:13 batch_crawler: 🚀 Bắt đầu crawl 3 URL...
[DEBUG] 2026-04-28 14:09:13 url_parser: Parsed (dạng chuẩn): {'shop_id': '88201679', 'item_id': '18093055535'}
[DEBUG] 2026-04-28 14:09:13 url_parser: Parsed (dạng chuẩn): {'shop_id': '187103490', 'item_id': '17576448641'}
[DEBUG] 2026-04-28 14:09:13 url_parser: Parsed (dạng /product/): {'shop_id': '89827191', 'item_id': '23244410073'}
[INFO] 2026-04-28 14:09:13 batch_crawler: [  1/3] 🔍 https://shopee.vn/%C4%90i%E1%BB%87n-tho%E1%BA%A1i-Apple-iPho...
[INFO] 2026-04-28 14:09:13 shopee_crawler: 📦 Đang xử lý: 88201679/18093055535
[INFO] 2026-04-28 14:09:13 shopee_crawler: Navigating to: https://shopee.vn/%C4%90i%E1%BB%87n-tho%E1%BA%A1i-Apple-iPhone-15-128GB-i.88201679.18093055535?extra
[WARNING] 2026-04-28 14:09:20 shopee_crawler: ⚠️ API hoàn toàn thất bại, đang thử cào DOM...
[INFO] 2026-04-28 14:09:21 shopee_crawler: ✅ Thành công (DOM): Điện thoại Apple iPhone 15 128GB...
[INFO] 2026-04-28 14:09:21 batch_crawler: [  1/3] ✅ Điện thoại Apple iPhone 15 128GB
[INFO] 2026-04-28 14:09:21 batch_crawler: ⏳ Nghỉ nhanh 1.4s...
[INFO] 2026-04-28 14:09:22 batch_crawler: [  2/3] 🔍 https://shopee.vn/Qu%E1%BA%A7n-Short-unisex-nam-n%E1%BB%AF-c...
[INFO] 2026-04-28 14:09:22 shopee_crawler: 📦 Đang xử lý: 187103490/17576448641
[INFO] 2026-04-28 14:09:22 shopee_crawler: Navigating to: https://shopee.vn/Qu%E1%BA%A7n-Short-unisex-nam-n%E1%BB%AF-ch%E1%BA%A5t-cotton-cao-c%E1%BA%A5p-phong-c%C3%A1ch-th%E1%BB%83-thao-m%E1%BA%B7c-tho%C3%A1ng-m%C3%A1t-co-d%C3%A3n-4-chi%E1%BB%81u-qu%E1%BA%A7n-%C4%91%C3%B9i-nam-n%E1%BB%AF-basi-i.187103490.17576448641
[WARNING] 2026-04-28 14:09:30 shopee_crawler: ⚠️ API hoàn toàn thất bại, đang thử cào DOM...
[INFO] 2026-04-28 14:09:31 shopee_crawler: ✅ Thành công (DOM): Quần Short unisex nam nữ chất cotton cao...
[INFO] 2026-04-28 14:09:31 batch_crawler: [  2/3] ✅ Quần Short unisex nam nữ chất cotton cao cấp, phon...
[INFO] 2026-04-28 14:09:31 batch_crawler: ⏳ Nghỉ nhanh 1.2s...
[INFO] 2026-04-28 14:09:32 batch_crawler: [  3/3] 🔍 https://shopee.vn/product/89827191/23244410073...
[INFO] 2026-04-28 14:09:32 shopee_crawler: 📦 Đang xử lý: 89827191/23244410073
[INFO] 2026-04-28 14:09:32 shopee_crawler: Navigating to: https://shopee.vn/product/89827191/23244410073
[WARNING] 2026-04-28 14:09:39 shopee_crawler: ⚠️ API hoàn toàn thất bại, đang thử cào DOM...
[INFO] 2026-04-28 14:09:40 shopee_crawler: ✅ Thành công (DOM): Ốp Lưng iPhone TPU Silicon Mềm 4 Góc Cao...
[INFO] 2026-04-28 14:09:40 batch_crawler: [  3/3] ✅ Ốp Lưng iPhone TPU Silicon Mềm 4 Góc Cao Cấp, Chốn...
[INFO] 2026-04-28 14:09:40 batch_crawler: ──────────────────────────────────────────────────
[INFO] 2026-04-28 14:09:40 batch_crawler: 📊 KẾT QUẢ BATCH: 3/3 thành công
[INFO] 2026-04-28 14:09:40 batch_crawler: ──────────────────────────────────────────────────
[INFO] 2026-04-28 14:09:40 batch_crawler: 📈 Thống kê crawler: 3/3 request thành công (100.0%)
[INFO] 2026-04-28 14:09:40 batch_crawler: 💾 Đã lưu 3 sản phẩm → D:\Workspace\pro_affiliate\crawler\shopee\output\shopee_products.json
[INFO] 2026-04-28 14:09:41 shopee_crawler: 🛑 Đã đóng trình duyệt.
[INFO] 2026-04-28 14:09:45 batch_crawler: 📄 Đọc được 3 URL từ urls.txt
[INFO] 2026-04-28 14:09:45 shopee_crawler: 🚀 Khởi động trình duyệt duy nhất cho toàn bộ quá trình...
[INFO] 2026-04-28 14:09:46 shopee_crawler: Warming up session...
[INFO] 2026-04-28 14:09:52 batch_crawler: 🚀 Bắt đầu crawl 3 URL...
[DEBUG] 2026-04-28 14:09:52 url_parser: Parsed (dạng chuẩn): {'shop_id': '88201679', 'item_id': '18093055535'}
[DEBUG] 2026-04-28 14:09:52 url_parser: Parsed (dạng chuẩn): {'shop_id': '187103490', 'item_id': '17576448641'}
[DEBUG] 2026-04-28 14:09:52 url_parser: Parsed (dạng /product/): {'shop_id': '89827191', 'item_id': '23244410073'}
[INFO] 2026-04-28 14:09:52 batch_crawler: [  1/3] 🔍 https://shopee.vn/%C4%90i%E1%BB%87n-tho%E1%BA%A1i-Apple-iPho...
[INFO] 2026-04-28 14:09:52 shopee_crawler: 📦 Đang xử lý: 88201679/18093055535
[INFO] 2026-04-28 14:09:52 shopee_crawler: Navigating to: https://shopee.vn/%C4%90i%E1%BB%87n-tho%E1%BA%A1i-Apple-iPhone-15-128GB-i.88201679.18093055535?extra
[WARNING] 2026-04-28 14:09:59 shopee_crawler: ⚠️ API hoàn toàn thất bại, đang thử cào DOM...
[INFO] 2026-04-28 14:10:00 shopee_crawler: ✅ Thành công (DOM): Điện thoại Apple iPhone 15 128GB...
[INFO] 2026-04-28 14:10:00 batch_crawler: [  1/3] ✅ Điện thoại Apple iPhone 15 128GB
[INFO] 2026-04-28 14:10:00 batch_crawler: ⏳ Nghỉ nhanh 1.3s...
[INFO] 2026-04-28 14:10:02 batch_crawler: [  2/3] 🔍 https://shopee.vn/Qu%E1%BA%A7n-Short-unisex-nam-n%E1%BB%AF-c...
[INFO] 2026-04-28 14:10:02 shopee_crawler: 📦 Đang xử lý: 187103490/17576448641
[INFO] 2026-04-28 14:10:02 shopee_crawler: Navigating to: https://shopee.vn/Qu%E1%BA%A7n-Short-unisex-nam-n%E1%BB%AF-ch%E1%BA%A5t-cotton-cao-c%E1%BA%A5p-phong-c%C3%A1ch-th%E1%BB%83-thao-m%E1%BA%B7c-tho%C3%A1ng-m%C3%A1t-co-d%C3%A3n-4-chi%E1%BB%81u-qu%E1%BA%A7n-%C4%91%C3%B9i-nam-n%E1%BB%AF-basi-i.187103490.17576448641
[WARNING] 2026-04-28 14:10:10 shopee_crawler: ⚠️ API hoàn toàn thất bại, đang thử cào DOM...
[INFO] 2026-04-28 14:10:11 shopee_crawler: ✅ Thành công (DOM): Quần Short unisex nam nữ chất cotton cao...
[INFO] 2026-04-28 14:10:11 batch_crawler: [  2/3] ✅ Quần Short unisex nam nữ chất cotton cao cấp, phon...
[INFO] 2026-04-28 14:10:11 batch_crawler: ⏳ Nghỉ nhanh 1.2s...
[INFO] 2026-04-28 14:10:12 batch_crawler: [  3/3] 🔍 https://shopee.vn/product/89827191/23244410073...
[INFO] 2026-04-28 14:10:12 shopee_crawler: 📦 Đang xử lý: 89827191/23244410073
[INFO] 2026-04-28 14:10:12 shopee_crawler: Navigating to: https://shopee.vn/product/89827191/23244410073
[WARNING] 2026-04-28 14:10:19 shopee_crawler: ⚠️ API hoàn toàn thất bại, đang thử cào DOM...
[INFO] 2026-04-28 14:10:20 shopee_crawler: ✅ Thành công (DOM): Ốp Lưng iPhone TPU Silicon Mềm 4 Góc Cao...
[INFO] 2026-04-28 14:10:20 batch_crawler: [  3/3] ✅ Ốp Lưng iPhone TPU Silicon Mềm 4 Góc Cao Cấp, Chốn...
[INFO] 2026-04-28 14:10:20 batch_crawler: ──────────────────────────────────────────────────
[INFO] 2026-04-28 14:10:20 batch_crawler: 📊 KẾT QUẢ BATCH: 3/3 thành công
[INFO] 2026-04-28 14:10:20 batch_crawler: ──────────────────────────────────────────────────
[INFO] 2026-04-28 14:10:20 batch_crawler: 📈 Thống kê crawler: 3/3 request thành công (100.0%)
[INFO] 2026-04-28 14:10:20 batch_crawler: 💾 Đã lưu 3 sản phẩm → D:\Workspace\pro_affiliate\crawler\shopee\output\shopee_products.json
[INFO] 2026-04-28 14:10:21 shopee_crawler: 🛑 Đã đóng trình duyệt.
[INFO] 2026-04-28 14:10:48 batch_crawler: 📄 Đọc được 3 URL từ urls.txt
[INFO] 2026-04-28 14:10:48 shopee_crawler: 🚀 Khởi động trình duyệt duy nhất cho toàn bộ quá trình...
[INFO] 2026-04-28 14:10:50 shopee_crawler: Warming up session...
[INFO] 2026-04-28 14:10:56 batch_crawler: 🚀 Bắt đầu crawl 3 URL...
[DEBUG] 2026-04-28 14:10:56 url_parser: Parsed (dạng chuẩn): {'shop_id': '88201679', 'item_id': '18093055535'}
[DEBUG] 2026-04-28 14:10:56 url_parser: Parsed (dạng chuẩn): {'shop_id': '187103490', 'item_id': '17576448641'}
[DEBUG] 2026-04-28 14:10:56 url_parser: Parsed (dạng /product/): {'shop_id': '89827191', 'item_id': '23244410073'}
[INFO] 2026-04-28 14:10:56 batch_crawler: [  1/3] 🔍 https://shopee.vn/%C4%90i%E1%BB%87n-tho%E1%BA%A1i-Apple-iPho...
[INFO] 2026-04-28 14:10:56 shopee_crawler: 📦 Đang xử lý: 88201679/18093055535
[INFO] 2026-04-28 14:10:56 shopee_crawler: Navigating to: https://shopee.vn/%C4%90i%E1%BB%87n-tho%E1%BA%A1i-Apple-iPhone-15-128GB-i.88201679.18093055535?extra
[INFO] 2026-04-28 14:10:57 shopee_crawler: ⚡ Đang đợi dữ liệu API ngầm (Fast Polling)...
[WARNING] 2026-04-28 14:11:10 shopee_crawler: ⚠️ API hoàn toàn thất bại, đang thử cào DOM...
[INFO] 2026-04-28 14:11:11 shopee_crawler: ✅ Thành công (DOM): Điện thoại Apple iPhone 15 128GB...
[INFO] 2026-04-28 14:11:11 batch_crawler: [  1/3] ✅ Điện thoại Apple iPhone 15 128GB
[INFO] 2026-04-28 14:11:11 batch_crawler: ⏳ Nghỉ nhanh 1.8s...
[INFO] 2026-04-28 14:11:13 batch_crawler: [  2/3] 🔍 https://shopee.vn/Qu%E1%BA%A7n-Short-unisex-nam-n%E1%BB%AF-c...
[INFO] 2026-04-28 14:11:13 shopee_crawler: 📦 Đang xử lý: 187103490/17576448641
[INFO] 2026-04-28 14:11:13 shopee_crawler: Navigating to: https://shopee.vn/Qu%E1%BA%A7n-Short-unisex-nam-n%E1%BB%AF-ch%E1%BA%A5t-cotton-cao-c%E1%BA%A5p-phong-c%C3%A1ch-th%E1%BB%83-thao-m%E1%BA%B7c-tho%C3%A1ng-m%C3%A1t-co-d%C3%A3n-4-chi%E1%BB%81u-qu%E1%BA%A7n-%C4%91%C3%B9i-nam-n%E1%BB%AF-basi-i.187103490.17576448641
[INFO] 2026-04-28 14:11:14 shopee_crawler: ⚡ Đang đợi dữ liệu API ngầm (Fast Polling)...
[WARNING] 2026-04-28 14:11:27 shopee_crawler: ⚠️ API hoàn toàn thất bại, đang thử cào DOM...
[INFO] 2026-04-28 14:11:28 shopee_crawler: ✅ Thành công (DOM): Quần Short unisex nam nữ chất cotton cao...
[INFO] 2026-04-28 14:11:28 batch_crawler: [  2/3] ✅ Quần Short unisex nam nữ chất cotton cao cấp, phon...
[INFO] 2026-04-28 14:11:28 batch_crawler: ⏳ Nghỉ nhanh 1.2s...
[INFO] 2026-04-28 14:11:29 batch_crawler: [  3/3] 🔍 https://shopee.vn/product/89827191/23244410073...
[INFO] 2026-04-28 14:11:29 shopee_crawler: 📦 Đang xử lý: 89827191/23244410073
[INFO] 2026-04-28 14:11:29 shopee_crawler: Navigating to: https://shopee.vn/product/89827191/23244410073
[INFO] 2026-04-28 14:11:30 shopee_crawler: ⚡ Đang đợi dữ liệu API ngầm (Fast Polling)...
[INFO] 2026-04-28 14:11:38 batch_crawler: 📄 Đọc được 3 URL từ urls.txt
[INFO] 2026-04-28 14:11:38 shopee_crawler: 🚀 Khởi động trình duyệt duy nhất cho toàn bộ quá trình...
[WARNING] 2026-04-28 14:11:42 shopee_crawler: ⚠️ API hoàn toàn thất bại, đang thử cào DOM...
[INFO] 2026-04-28 14:11:43 shopee_crawler: ✅ Thành công (DOM): Ốp Lưng iPhone TPU Silicon Mềm 4 Góc Cao...
[INFO] 2026-04-28 14:11:43 batch_crawler: [  3/3] ✅ Ốp Lưng iPhone TPU Silicon Mềm 4 Góc Cao Cấp, Chốn...
[INFO] 2026-04-28 14:11:43 batch_crawler: ──────────────────────────────────────────────────
[INFO] 2026-04-28 14:11:43 batch_crawler: 📊 KẾT QUẢ BATCH: 3/3 thành công
[INFO] 2026-04-28 14:11:43 batch_crawler: ──────────────────────────────────────────────────
[INFO] 2026-04-28 14:11:43 batch_crawler: 📈 Thống kê crawler: 3/3 request thành công (100.0%)
[INFO] 2026-04-28 14:11:43 batch_crawler: 💾 Đã lưu 3 sản phẩm → D:\Workspace\pro_affiliate\crawler\shopee\output\shopee_products.json
[INFO] 2026-04-28 14:11:44 shopee_crawler: 🛑 Đã đóng trình duyệt.
[INFO] 2026-04-28 14:11:53 batch_crawler: 📄 Đọc được 3 URL từ urls.txt
[INFO] 2026-04-28 14:11:53 shopee_crawler: 🚀 Khởi động trình duyệt duy nhất cho toàn bộ quá trình...
[INFO] 2026-04-28 14:11:55 shopee_crawler: Warming up session...
[INFO] 2026-04-28 14:12:01 batch_crawler: 🚀 Bắt đầu crawl 3 URL...
[DEBUG] 2026-04-28 14:12:01 url_parser: Parsed (dạng chuẩn): {'shop_id': '88201679', 'item_id': '18093055535'}
[DEBUG] 2026-04-28 14:12:01 url_parser: Parsed (dạng chuẩn): {'shop_id': '187103490', 'item_id': '17576448641'}
[DEBUG] 2026-04-28 14:12:01 url_parser: Parsed (dạng /product/): {'shop_id': '89827191', 'item_id': '23244410073'}
[INFO] 2026-04-28 14:12:01 batch_crawler: [  1/3] 🔍 https://shopee.vn/%C4%90i%E1%BB%87n-tho%E1%BA%A1i-Apple-iPho...
[INFO] 2026-04-28 14:12:01 shopee_crawler: 📦 Đang xử lý: 88201679/18093055535
[INFO] 2026-04-28 14:12:01 shopee_crawler: Navigating to: https://shopee.vn/%C4%90i%E1%BB%87n-tho%E1%BA%A1i-Apple-iPhone-15-128GB-i.88201679.18093055535?extra
[INFO] 2026-04-28 14:12:02 shopee_crawler: ⚡ Đang đợi dữ liệu API ngầm (Fast Polling)...
[WARNING] 2026-04-28 14:12:14 shopee_crawler: ⚠️ API hoàn toàn thất bại, đang thử cào DOM...
[INFO] 2026-04-28 14:12:15 shopee_crawler: ✅ Thành công (DOM): Điện thoại Apple iPhone 15 128GB...
[INFO] 2026-04-28 14:12:15 batch_crawler: [  1/3] ✅ Điện thoại Apple iPhone 15 128GB
[INFO] 2026-04-28 14:12:15 batch_crawler: ⏳ Nghỉ nhanh 1.4s...
[INFO] 2026-04-28 14:12:17 batch_crawler: [  2/3] 🔍 https://shopee.vn/Qu%E1%BA%A7n-Short-unisex-nam-n%E1%BB%AF-c...
[INFO] 2026-04-28 14:12:17 shopee_crawler: 📦 Đang xử lý: 187103490/17576448641
[INFO] 2026-04-28 14:12:17 shopee_crawler: Navigating to: https://shopee.vn/Qu%E1%BA%A7n-Short-unisex-nam-n%E1%BB%AF-ch%E1%BA%A5t-cotton-cao-c%E1%BA%A5p-phong-c%C3%A1ch-th%E1%BB%83-thao-m%E1%BA%B7c-tho%C3%A1ng-m%C3%A1t-co-d%C3%A3n-4-chi%E1%BB%81u-qu%E1%BA%A7n-%C4%91%C3%B9i-nam-n%E1%BB%AF-basi-i.187103490.17576448641
[INFO] 2026-04-28 14:12:18 shopee_crawler: ⚡ Đang đợi dữ liệu API ngầm (Fast Polling)...
[WARNING] 2026-04-28 14:12:30 shopee_crawler: ⚠️ API hoàn toàn thất bại, đang thử cào DOM...
[INFO] 2026-04-28 14:12:31 shopee_crawler: ✅ Thành công (DOM): Quần Short unisex nam nữ chất cotton cao...
[INFO] 2026-04-28 14:12:31 batch_crawler: [  2/3] ✅ Quần Short unisex nam nữ chất cotton cao cấp, phon...
[INFO] 2026-04-28 14:12:31 batch_crawler: ⏳ Nghỉ nhanh 1.9s...
[INFO] 2026-04-28 14:12:33 batch_crawler: [  3/3] 🔍 https://shopee.vn/product/89827191/23244410073...
[INFO] 2026-04-28 14:12:33 shopee_crawler: 📦 Đang xử lý: 89827191/23244410073
[INFO] 2026-04-28 14:12:33 shopee_crawler: Navigating to: https://shopee.vn/product/89827191/23244410073
[INFO] 2026-04-28 14:12:35 shopee_crawler: ⚡ Đang đợi dữ liệu API ngầm (Fast Polling)...
[WARNING] 2026-04-28 14:12:47 shopee_crawler: ⚠️ API hoàn toàn thất bại, đang thử cào DOM...
[INFO] 2026-04-28 14:12:48 shopee_crawler: ✅ Thành công (DOM): Ốp Lưng iPhone TPU Silicon Mềm 4 Góc Cao...
[INFO] 2026-04-28 14:12:48 batch_crawler: [  3/3] ✅ Ốp Lưng iPhone TPU Silicon Mềm 4 Góc Cao Cấp, Chốn...
[INFO] 2026-04-28 14:12:48 batch_crawler: ──────────────────────────────────────────────────
[INFO] 2026-04-28 14:12:48 batch_crawler: 📊 KẾT QUẢ BATCH: 3/3 thành công
[INFO] 2026-04-28 14:12:48 batch_crawler: ──────────────────────────────────────────────────
[INFO] 2026-04-28 14:12:48 batch_crawler: 📈 Thống kê crawler: 3/3 request thành công (100.0%)
[INFO] 2026-04-28 14:12:48 batch_crawler: 💾 Đã lưu 3 sản phẩm → D:\Workspace\pro_affiliate\crawler\shopee\output\shopee_products.json
[INFO] 2026-04-28 14:12:48 shopee_crawler: 🛑 Đã đóng trình duyệt.
[INFO] 2026-04-28 14:13:07 batch_crawler: 📄 Đọc được 3 URL từ urls.txt
[INFO] 2026-04-28 14:13:07 shopee_crawler: 🚀 Khởi động trình duyệt duy nhất cho toàn bộ quá trình...
[INFO] 2026-04-28 14:13:08 shopee_crawler: Warming up session...
[INFO] 2026-04-28 14:13:14 batch_crawler: 🚀 Bắt đầu crawl 3 URL...
[DEBUG] 2026-04-28 14:13:14 url_parser: Parsed (dạng chuẩn): {'shop_id': '88201679', 'item_id': '18093055535'}
[DEBUG] 2026-04-28 14:13:14 url_parser: Parsed (dạng chuẩn): {'shop_id': '187103490', 'item_id': '17576448641'}
[DEBUG] 2026-04-28 14:13:14 url_parser: Parsed (dạng /product/): {'shop_id': '89827191', 'item_id': '23244410073'}
[INFO] 2026-04-28 14:13:14 batch_crawler: [  1/3] 🔍 https://shopee.vn/%C4%90i%E1%BB%87n-tho%E1%BA%A1i-Apple-iPho...
[INFO] 2026-04-28 14:13:14 shopee_crawler: 📦 Đang xử lý: 88201679/18093055535
[INFO] 2026-04-28 14:13:14 shopee_crawler: Navigating to: https://shopee.vn/%C4%90i%E1%BB%87n-tho%E1%BA%A1i-Apple-iPhone-15-128GB-i.88201679.18093055535?extra
[INFO] 2026-04-28 14:13:16 shopee_crawler: ⚡ Đang đợi dữ liệu API ngầm (Fast Polling)...
[WARNING] 2026-04-28 14:13:28 shopee_crawler: ⚠️ API hoàn toàn thất bại, đang thử cào DOM...
[INFO] 2026-04-28 14:13:29 shopee_crawler: ✅ Thành công (DOM): Điện thoại Apple iPhone 15 128GB...
[INFO] 2026-04-28 14:13:29 batch_crawler: [  1/3] ✅ Điện thoại Apple iPhone 15 128GB
[INFO] 2026-04-28 14:13:29 batch_crawler: ⏳ Nghỉ nhanh 1.7s...
[INFO] 2026-04-28 14:13:31 batch_crawler: [  2/3] 🔍 https://shopee.vn/Qu%E1%BA%A7n-Short-unisex-nam-n%E1%BB%AF-c...
[INFO] 2026-04-28 14:13:31 shopee_crawler: 📦 Đang xử lý: 187103490/17576448641
[INFO] 2026-04-28 14:13:31 shopee_crawler: Navigating to: https://shopee.vn/Qu%E1%BA%A7n-Short-unisex-nam-n%E1%BB%AF-ch%E1%BA%A5t-cotton-cao-c%E1%BA%A5p-phong-c%C3%A1ch-th%E1%BB%83-thao-m%E1%BA%B7c-tho%C3%A1ng-m%C3%A1t-co-d%C3%A3n-4-chi%E1%BB%81u-qu%E1%BA%A7n-%C4%91%C3%B9i-nam-n%E1%BB%AF-basi-i.187103490.17576448641
[INFO] 2026-04-28 14:13:32 shopee_crawler: ⚡ Đang đợi dữ liệu API ngầm (Fast Polling)...
[WARNING] 2026-04-28 14:13:46 shopee_crawler: ⚠️ API hoàn toàn thất bại, đang thử cào DOM...
[INFO] 2026-04-28 14:13:47 shopee_crawler: ✅ Thành công (DOM): Quần Short unisex nam nữ chất cotton cao...
[INFO] 2026-04-28 14:13:47 batch_crawler: [  2/3] ✅ Quần Short unisex nam nữ chất cotton cao cấp, phon...
[INFO] 2026-04-28 14:13:47 batch_crawler: ⏳ Nghỉ nhanh 1.6s...
[INFO] 2026-04-28 14:13:49 batch_crawler: [  3/3] 🔍 https://shopee.vn/product/89827191/23244410073...
[INFO] 2026-04-28 14:13:49 shopee_crawler: 📦 Đang xử lý: 89827191/23244410073
[INFO] 2026-04-28 14:13:49 shopee_crawler: Navigating to: https://shopee.vn/product/89827191/23244410073
[INFO] 2026-04-28 14:13:50 shopee_crawler: ⚡ Đang đợi dữ liệu API ngầm (Fast Polling)...
[WARNING] 2026-04-28 14:14:02 shopee_crawler: ⚠️ API hoàn toàn thất bại, đang thử cào DOM...
[INFO] 2026-04-28 14:14:03 shopee_crawler: ✅ Thành công (DOM): Ốp Lưng iPhone TPU Silicon Mềm 4 Góc Cao...
[INFO] 2026-04-28 14:14:03 batch_crawler: [  3/3] ✅ Ốp Lưng iPhone TPU Silicon Mềm 4 Góc Cao Cấp, Chốn...
[INFO] 2026-04-28 14:14:03 batch_crawler: ──────────────────────────────────────────────────
[INFO] 2026-04-28 14:14:03 batch_crawler: 📊 KẾT QUẢ BATCH: 3/3 thành công
[INFO] 2026-04-28 14:14:03 batch_crawler: ──────────────────────────────────────────────────
[INFO] 2026-04-28 14:14:03 batch_crawler: 📈 Thống kê crawler: 3/3 request thành công (100.0%)
[INFO] 2026-04-28 14:14:03 batch_crawler: 💾 Đã lưu 3 sản phẩm → D:\Workspace\pro_affiliate\crawler\shopee\output\shopee_products.json
[INFO] 2026-04-28 14:14:03 shopee_crawler: 🛑 Đã đóng trình duyệt.
[INFO] 2026-04-28 14:14:39 batch_crawler: 📄 Đọc được 3 URL từ urls.txt
[INFO] 2026-04-28 14:14:39 shopee_crawler: 🚀 Khởi động trình duyệt duy nhất cho toàn bộ quá trình...
[INFO] 2026-04-28 14:14:41 shopee_crawler: Warming up session...
[INFO] 2026-04-28 14:14:45 batch_crawler: 🚀 Bắt đầu crawl 3 URL...
[DEBUG] 2026-04-28 14:14:45 url_parser: Parsed (dạng chuẩn): {'shop_id': '88201679', 'item_id': '18093055535'}
[DEBUG] 2026-04-28 14:14:45 url_parser: Parsed (dạng chuẩn): {'shop_id': '187103490', 'item_id': '17576448641'}
[DEBUG] 2026-04-28 14:14:45 url_parser: Parsed (dạng /product/): {'shop_id': '89827191', 'item_id': '23244410073'}
[INFO] 2026-04-28 14:14:45 batch_crawler: [  1/3] 🔍 https://shopee.vn/%C4%90i%E1%BB%87n-tho%E1%BA%A1i-Apple-iPho...
[INFO] 2026-04-28 14:14:45 shopee_crawler: 📦 Đang xử lý: 88201679/18093055535
[INFO] 2026-04-28 14:14:45 shopee_crawler: Navigating to: https://shopee.vn/%C4%90i%E1%BB%87n-tho%E1%BA%A1i-Apple-iPhone-15-128GB-i.88201679.18093055535?extra
[INFO] 2026-04-28 14:14:46 shopee_crawler: ⚡ Đang trích xuất dữ liệu siêu tốc...
[INFO] 2026-04-28 14:14:48 shopee_crawler: 🔥 [INTERCEPT] Bắt được API: Điện thoại Apple iPhone 15 128GB...
[INFO] 2026-04-28 14:14:48 shopee_crawler: ⚡ [FAST-TRACK] Ép gọi API chủ động thành công!
[INFO] 2026-04-28 14:14:48 batch_crawler: [  1/3] ✅ Điện thoại Apple iPhone 15 128GB
[INFO] 2026-04-28 14:14:48 batch_crawler: ⏳ Nghỉ nhanh 1.2s...
[INFO] 2026-04-28 14:14:49 batch_crawler: [  2/3] 🔍 https://shopee.vn/Qu%E1%BA%A7n-Short-unisex-nam-n%E1%BB%AF-c...
[INFO] 2026-04-28 14:14:49 shopee_crawler: 📦 Đang xử lý: 187103490/17576448641
[INFO] 2026-04-28 14:14:49 shopee_crawler: Navigating to: https://shopee.vn/Qu%E1%BA%A7n-Short-unisex-nam-n%E1%BB%AF-ch%E1%BA%A5t-cotton-cao-c%E1%BA%A5p-phong-c%C3%A1ch-th%E1%BB%83-thao-m%E1%BA%B7c-tho%C3%A1ng-m%C3%A1t-co-d%C3%A3n-4-chi%E1%BB%81u-qu%E1%BA%A7n-%C4%91%C3%B9i-nam-n%E1%BB%AF-basi-i.187103490.17576448641
[INFO] 2026-04-28 14:14:51 shopee_crawler: ⚡ Đang trích xuất dữ liệu siêu tốc...
[INFO] 2026-04-28 14:14:54 shopee_crawler: 🔥 [INTERCEPT] Bắt được API: Quần Short unisex nam nữ chất cotton cao...
[INFO] 2026-04-28 14:14:54 shopee_crawler: ⚡ [FAST-TRACK] Ép gọi API chủ động thành công!
[INFO] 2026-04-28 14:14:54 batch_crawler: [  2/3] ✅ Quần Short unisex nam nữ chất cotton cao cấp, phon...
[INFO] 2026-04-28 14:14:54 batch_crawler: ⏳ Nghỉ nhanh 1.4s...
[INFO] 2026-04-28 14:14:56 batch_crawler: [  3/3] 🔍 https://shopee.vn/product/89827191/23244410073...
[INFO] 2026-04-28 14:14:56 shopee_crawler: 📦 Đang xử lý: 89827191/23244410073
[INFO] 2026-04-28 14:14:56 shopee_crawler: Navigating to: https://shopee.vn/product/89827191/23244410073
[INFO] 2026-04-28 14:14:57 shopee_crawler: ⚡ Đang trích xuất dữ liệu siêu tốc...
[INFO] 2026-04-28 14:14:59 shopee_crawler: 🔥 [INTERCEPT] Bắt được API: Ốp Lưng iPhone TPU Silicon Mềm 4 Góc Cao...
[INFO] 2026-04-28 14:14:59 shopee_crawler: ⚡ [FAST-TRACK] Ép gọi API chủ động thành công!
[INFO] 2026-04-28 14:14:59 batch_crawler: [  3/3] ✅ Ốp Lưng iPhone TPU Silicon Mềm 4 Góc Cao Cấp, Chốn...
[INFO] 2026-04-28 14:14:59 batch_crawler: ──────────────────────────────────────────────────
[INFO] 2026-04-28 14:14:59 batch_crawler: 📊 KẾT QUẢ BATCH: 3/3 thành công
[INFO] 2026-04-28 14:14:59 batch_crawler: ──────────────────────────────────────────────────
[INFO] 2026-04-28 14:14:59 batch_crawler: 📈 Thống kê crawler: 3/3 request thành công (100.0%)
[INFO] 2026-04-28 14:14:59 batch_crawler: 💾 Đã lưu 3 sản phẩm → D:\Workspace\pro_affiliate\crawler\shopee\output\shopee_products.json
[INFO] 2026-04-28 14:15:00 shopee_crawler: 🛑 Đã đóng trình duyệt.
[INFO] 2026-04-28 14:15:34 batch_crawler: 📄 Đọc được 3 URL từ urls.txt
[INFO] 2026-04-28 14:15:34 shopee_crawler: 🚀 Khởi động trình duyệt duy nhất cho toàn bộ quá trình...
[INFO] 2026-04-28 14:15:36 shopee_crawler: Warming up session...
[INFO] 2026-04-28 14:15:41 batch_crawler: 🚀 Bắt đầu crawl 3 URL...
[DEBUG] 2026-04-28 14:15:41 url_parser: Parsed (dạng chuẩn): {'shop_id': '88201679', 'item_id': '18093055535'}
[DEBUG] 2026-04-28 14:15:41 url_parser: Parsed (dạng chuẩn): {'shop_id': '187103490', 'item_id': '17576448641'}
[DEBUG] 2026-04-28 14:15:41 url_parser: Parsed (dạng /product/): {'shop_id': '89827191', 'item_id': '23244410073'}
[INFO] 2026-04-28 14:15:41 batch_crawler: [  1/3] 🔍 https://shopee.vn/%C4%90i%E1%BB%87n-tho%E1%BA%A1i-Apple-iPho...
[INFO] 2026-04-28 14:15:41 shopee_crawler: 📦 Đang xử lý: 88201679/18093055535
[INFO] 2026-04-28 14:15:41 shopee_crawler: Navigating to: https://shopee.vn/%C4%90i%E1%BB%87n-tho%E1%BA%A1i-Apple-iPhone-15-128GB-i.88201679.18093055535?extra
[INFO] 2026-04-28 14:15:42 shopee_crawler: ⚡ Đang trích xuất dữ liệu siêu tốc...
[INFO] 2026-04-28 14:15:44 shopee_crawler: 🔥 [INTERCEPT] Bắt được API: Điện thoại Apple iPhone 15 128GB...
[INFO] 2026-04-28 14:15:44 shopee_crawler: ⚡ [FAST-TRACK] Ép gọi API chủ động thành công!
[INFO] 2026-04-28 14:15:44 batch_crawler: [  1/3] ✅ Điện thoại Apple iPhone 15 128GB
[INFO] 2026-04-28 14:15:44 batch_crawler: ⏳ Nghỉ nhanh 1.2s...
[INFO] 2026-04-28 14:15:45 batch_crawler: [  2/3] 🔍 https://shopee.vn/Qu%E1%BA%A7n-Short-unisex-nam-n%E1%BB%AF-c...
[INFO] 2026-04-28 14:15:45 shopee_crawler: 📦 Đang xử lý: 187103490/17576448641
[INFO] 2026-04-28 14:15:45 shopee_crawler: Navigating to: https://shopee.vn/Qu%E1%BA%A7n-Short-unisex-nam-n%E1%BB%AF-ch%E1%BA%A5t-cotton-cao-c%E1%BA%A5p-phong-c%C3%A1ch-th%E1%BB%83-thao-m%E1%BA%B7c-tho%C3%A1ng-m%C3%A1t-co-d%C3%A3n-4-chi%E1%BB%81u-qu%E1%BA%A7n-%C4%91%C3%B9i-nam-n%E1%BB%AF-basi-i.187103490.17576448641
[INFO] 2026-04-28 14:15:46 shopee_crawler: ⚡ Đang trích xuất dữ liệu siêu tốc...
[INFO] 2026-04-28 14:15:49 shopee_crawler: 🔥 [INTERCEPT] Bắt được API: Quần Short unisex nam nữ chất cotton cao...
[INFO] 2026-04-28 14:15:49 shopee_crawler: ⚡ [FAST-TRACK] Ép gọi API chủ động thành công!
[INFO] 2026-04-28 14:15:49 batch_crawler: [  2/3] ✅ Quần Short unisex nam nữ chất cotton cao cấp, phon...
[INFO] 2026-04-28 14:15:49 batch_crawler: ⏳ Nghỉ nhanh 1.0s...
[INFO] 2026-04-28 14:15:50 batch_crawler: [  3/3] 🔍 https://shopee.vn/product/89827191/23244410073...
[INFO] 2026-04-28 14:15:50 shopee_crawler: 📦 Đang xử lý: 89827191/23244410073
[INFO] 2026-04-28 14:15:50 shopee_crawler: Navigating to: https://shopee.vn/product/89827191/23244410073
[INFO] 2026-04-28 14:15:52 shopee_crawler: ⚡ Đang trích xuất dữ liệu siêu tốc...
[INFO] 2026-04-28 14:15:54 shopee_crawler: 🔥 [INTERCEPT] Bắt được API: Ốp Lưng iPhone TPU Silicon Mềm 4 Góc Cao...
[INFO] 2026-04-28 14:15:54 shopee_crawler: ⚡ [FAST-TRACK] Ép gọi API chủ động thành công!
[INFO] 2026-04-28 14:15:54 batch_crawler: [  3/3] ✅ Ốp Lưng iPhone TPU Silicon Mềm 4 Góc Cao Cấp, Chốn...
[INFO] 2026-04-28 14:15:54 batch_crawler: ──────────────────────────────────────────────────
[INFO] 2026-04-28 14:15:54 batch_crawler: 📊 KẾT QUẢ BATCH: 3/3 thành công
[INFO] 2026-04-28 14:15:54 batch_crawler: ──────────────────────────────────────────────────
[INFO] 2026-04-28 14:15:54 batch_crawler: 📈 Thống kê crawler: 3/3 request thành công (100.0%)
[INFO] 2026-04-28 14:15:54 batch_crawler: 💾 Đã lưu 3 sản phẩm → D:\Workspace\pro_affiliate\crawler\shopee\output\shopee_products.json
[INFO] 2026-04-28 14:15:55 shopee_crawler: 🛑 Đã đóng trình duyệt.
